 * Serving Flask app 'app'
 * Debug mode: on
[31m[1mWARNING: This is a development server. Do not use it in a production deployment. Use a production WSGI server instead.[0m
 * Running on http://127.0.0.1:5000
[33mPress CTRL+C to quit[0m
 * Restarting with watchdog (fsevents)
 * Debugger is active!
 * Debugger PIN: 131-359-949
 * Detected change in '/Users/arjantebrake/projects/own_projects/Ai/backend/app.py', reloading
 * Restarting with watchdog (fsevents)
 * Debugger is active!
 * Debugger PIN: 131-359-949
 * Detected change in '/Users/arjantebrake/projects/own_projects/Ai/backend/bank_parser.py', reloading
 * Restarting with watchdog (fsevents)
 * Debugger is active!
 * Debugger PIN: 131-359-949
 * Detected change in '/Users/arjantebrake/projects/own_projects/Ai/backend/bank_parser.py', reloading
 * Restarting with watchdog (fsevents)
 * Debugger is active!
 * Debugger PIN: 131-359-949
 * Detected change in '/Users/arjantebrake/projects/own_projects/Ai/backend/bank_parser.py', reloading
 * Restarting with watchdog (fsevents)
 * Debugger is active!
 * Debugger PIN: 131-359-949
