 * Serving Flask app 'app'
 * Debug mode: on
[31m[1mWARNING: This is a development server. Do not use it in a production deployment. Use a production WSGI server instead.[0m
 * Running on http://127.0.0.1:5000
[33mPress CTRL+C to quit[0m
 * Restarting with watchdog (fsevents)
 * Debugger is active!
 * Debugger PIN: 131-359-949
 * Detected change in '/Users/arjantebrake/projects/own_projects/Ai/backend/app.py', reloading
 * Restarting with watchdog (fsevents)
 * Debugger is active!
 * Debugger PIN: 131-359-949
 * Detected change in '/Users/arjantebrake/projects/own_projects/Ai/backend/models.py', reloading
 * Restarting with watchdog (fsevents)
 * Debugger is active!
 * Debugger PIN: 131-359-949
 * Detected change in '/Users/arjantebrake/projects/own_projects/Ai/venv/lib/python3.9/site-packages/jwt/__init__.py', reloading
 * Restarting with watchdog (fsevents)
 * Debugger is active!
 * Debugger PIN: 131-359-949
 * Detected change in '/Users/arjantebrake/projects/own_projects/Ai/backend/app.py', reloading
 * Restarting with watchdog (fsevents)
 * Debugger is active!
 * Debugger PIN: 131-359-949
 * Detected change in '/Users/arjantebrake/projects/own_projects/Ai/backend/app.py', reloading
 * Restarting with watchdog (fsevents)
 * Debugger is active!
 * Debugger PIN: 131-359-949
 * Detected change in '/Users/arjantebrake/projects/own_projects/Ai/backend/app.py', reloading
 * Restarting with watchdog (fsevents)
 * Debugger is active!
 * Debugger PIN: 131-359-949
 * Detected change in '/Users/arjantebrake/projects/own_projects/Ai/backend/app.py', reloading
 * Restarting with watchdog (fsevents)
 * Debugger is active!
 * Debugger PIN: 131-359-949
 * Detected change in '/Users/arjantebrake/projects/own_projects/Ai/backend/models.py', reloading
 * Restarting with watchdog (fsevents)
 * Debugger is active!
 * Debugger PIN: 131-359-949
 * Detected change in '/Users/arjantebrake/projects/own_projects/Ai/backend/app.py', reloading
 * Restarting with watchdog (fsevents)
 * Debugger is active!
 * Debugger PIN: 131-359-949
 * Detected change in '/Users/arjantebrake/projects/own_projects/Ai/backend/app.py', reloading
 * Restarting with watchdog (fsevents)
 * Debugger is active!
 * Debugger PIN: 131-359-949
 * Detected change in '/Users/arjantebrake/projects/own_projects/Ai/backend/app.py', reloading
 * Restarting with watchdog (fsevents)
Traceback (most recent call last):
  File "/Users/arjantebrake/projects/own_projects/Ai/backend/app.py", line 38, in <module>
    @token_required
NameError: name 'token_required' is not defined
