
> frontend@0.0.0 dev
> vite


  VITE v7.3.1  ready in 3365 ms

  ➜  Local:   http://localhost:5173/
  ➜  Network: use --host to expose
  ➜  Vue DevTools: Open http://localhost:5173/__devtools__/ as a separate window
  ➜  Vue DevTools: Press Option(⌥)+Shift(⇧)+D in App to toggle the Vue DevTools
9:51:19 PM [vite] (client) Pre-transform error: [vue/compiler-sfc] Unexpected keyword 'const'. (40:4)

/Users/arjantebrake/projects/own_projects/Ai/frontend/src/App.vue
38 |  // ...
39 |  // ... (in handleReceiptUpload)
40 |      const res = await fetch('http://127.0.0.1:5000/ocr/process', { method: 'POST', headers: { 'Authorization': `Bearer ${token.value}` }, body: formData })
   |      ^
41 |  // ...
42 |  // ... (in handleBankImport)
  Plugin: vite:vue
  File: /Users/arjantebrake/projects/own_projects/Ai/frontend/src/App.vue:40:4
  37 |      const res = await fetch('http://127.0.0.1:5000/login', {
  38 |  // ...
  39 |  // ... (in handleReceiptUpload)
     |                        ^
  40 |      const res = await fetch('http://127.0.0.1:5000/ocr/process', { method: 'POST', headers: { 'Authorization': `Beare...
  41 |  // ...
9:51:19 PM [vite] (client) Pre-transform error: [vue/compiler-sfc] Unexpected keyword 'const'. (40:4)

/Users/arjantebrake/projects/own_projects/Ai/frontend/src/App.vue
38 |  // ...
39 |  // ... (in handleReceiptUpload)
40 |      const res = await fetch('http://127.0.0.1:5000/ocr/process', { method: 'POST', headers: { 'Authorization': `Bearer ${token.value}` }, body: formData })
   |      ^
41 |  // ...
42 |  // ... (in handleBankImport)
  Plugin: vite:vue
  File: /Users/arjantebrake/projects/own_projects/Ai/frontend/src/App.vue:40:4
  37 |      const res = await fetch('http://127.0.0.1:5000/login', {
  38 |  // ...
  39 |  // ... (in handleReceiptUpload)
     |                        ^
  40 |      const res = await fetch('http://127.0.0.1:5000/ocr/process', { method: 'POST', headers: { 'Authorization': `Beare...
  41 |  // ...
9:51:20 PM [vite] Internal server error: [vue/compiler-sfc] Unexpected keyword 'const'. (40:4)

/Users/arjantebrake/projects/own_projects/Ai/frontend/src/App.vue
38 |  // ...
39 |  // ... (in handleReceiptUpload)
40 |      const res = await fetch('http://127.0.0.1:5000/ocr/process', { method: 'POST', headers: { 'Authorization': `Bearer ${token.value}` }, body: formData })
   |      ^
41 |  // ...
42 |  // ... (in handleBankImport)
  Plugin: vite:vue
  File: /Users/arjantebrake/projects/own_projects/Ai/frontend/src/App.vue:40:4
  37 |      const res = await fetch('http://127.0.0.1:5000/login', {
  38 |  // ...
  39 |  // ... (in handleReceiptUpload)
     |                        ^
  40 |      const res = await fetch('http://127.0.0.1:5000/ocr/process', { method: 'POST', headers: { 'Authorization': `Beare...
  41 |  // ...
      at constructor (/Users/arjantebrake/projects/own_projects/Ai/frontend/node_modules/@babel/parser/lib/index.js:365:19)
      at Parser.raise (/Users/arjantebrake/projects/own_projects/Ai/frontend/node_modules/@babel/parser/lib/index.js:6599:19)
      at Parser.checkReservedWord (/Users/arjantebrake/projects/own_projects/Ai/frontend/node_modules/@babel/parser/lib/index.js:12214:12)
      at Parser.parseObjectProperty (/Users/arjantebrake/projects/own_projects/Ai/frontend/node_modules/@babel/parser/lib/index.js:11944:12)
      at Parser.parseObjPropValue (/Users/arjantebrake/projects/own_projects/Ai/frontend/node_modules/@babel/parser/lib/index.js:11968:100)
      at Parser.parsePropertyDefinition (/Users/arjantebrake/projects/own_projects/Ai/frontend/node_modules/@babel/parser/lib/index.js:11905:17)
      at Parser.parseObjectLike (/Users/arjantebrake/projects/own_projects/Ai/frontend/node_modules/@babel/parser/lib/index.js:11822:21)
      at Parser.parseExprAtom (/Users/arjantebrake/projects/own_projects/Ai/frontend/node_modules/@babel/parser/lib/index.js:11329:23)
      at Parser.parseExprSubscripts (/Users/arjantebrake/projects/own_projects/Ai/frontend/node_modules/@babel/parser/lib/index.js:11071:23)
      at Parser.parseUpdate (/Users/arjantebrake/projects/own_projects/Ai/frontend/node_modules/@babel/parser/lib/index.js:11056:21)
9:51:20 PM [vite] Internal server error: [vue/compiler-sfc] Unexpected keyword 'const'. (40:4)

/Users/arjantebrake/projects/own_projects/Ai/frontend/src/App.vue
38 |  // ...
39 |  // ... (in handleReceiptUpload)
40 |      const res = await fetch('http://127.0.0.1:5000/ocr/process', { method: 'POST', headers: { 'Authorization': `Bearer ${token.value}` }, body: formData })
   |      ^
41 |  // ...
42 |  // ... (in handleBankImport)
  Plugin: vite:vue
  File: /Users/arjantebrake/projects/own_projects/Ai/frontend/src/App.vue:40:4
  37 |      const res = await fetch('http://127.0.0.1:5000/login', {
  38 |  // ...
  39 |  // ... (in handleReceiptUpload)
     |                        ^
  40 |      const res = await fetch('http://127.0.0.1:5000/ocr/process', { method: 'POST', headers: { 'Authorization': `Beare...
  41 |  // ...
      at constructor (/Users/arjantebrake/projects/own_projects/Ai/frontend/node_modules/@babel/parser/lib/index.js:365:19)
      at Parser.raise (/Users/arjantebrake/projects/own_projects/Ai/frontend/node_modules/@babel/parser/lib/index.js:6599:19)
      at Parser.checkReservedWord (/Users/arjantebrake/projects/own_projects/Ai/frontend/node_modules/@babel/parser/lib/index.js:12214:12)
      at Parser.parseObjectProperty (/Users/arjantebrake/projects/own_projects/Ai/frontend/node_modules/@babel/parser/lib/index.js:11944:12)
      at Parser.parseObjPropValue (/Users/arjantebrake/projects/own_projects/Ai/frontend/node_modules/@babel/parser/lib/index.js:11968:100)
      at Parser.parsePropertyDefinition (/Users/arjantebrake/projects/own_projects/Ai/frontend/node_modules/@babel/parser/lib/index.js:11905:17)
      at Parser.parseObjectLike (/Users/arjantebrake/projects/own_projects/Ai/frontend/node_modules/@babel/parser/lib/index.js:11822:21)
      at Parser.parseExprAtom (/Users/arjantebrake/projects/own_projects/Ai/frontend/node_modules/@babel/parser/lib/index.js:11329:23)
      at Parser.parseExprSubscripts (/Users/arjantebrake/projects/own_projects/Ai/frontend/node_modules/@babel/parser/lib/index.js:11071:23)
      at Parser.parseUpdate (/Users/arjantebrake/projects/own_projects/Ai/frontend/node_modules/@babel/parser/lib/index.js:11056:21)
9:52:00 PM [vite] (client) hmr update /src/assets/main.css
10:00:23 PM [vite] (client) hmr update /src/App.vue, /src/assets/main.css
10:19:15 PM [vite] (client) hmr update /src/App.vue, /src/assets/main.css
10:20:58 PM [vite] (client) hmr update /src/App.vue, /src/App.vue?vue&type=style&index=0&lang.css, /src/assets/main.css
10:23:30 PM [vite] (client) hmr update /src/App.vue, /src/App.vue?vue&type=style&index=0&lang.css, /src/assets/main.css
10:28:39 PM [vite] (client) hmr update /src/App.vue, /src/assets/main.css
10:28:39 PM [vite] (client) hmr update /src/App.vue, /src/assets/main.css
10:28:39 PM [vite] (client) hmr update /src/App.vue, /src/assets/main.css
10:28:39 PM [vite] (client) hmr update /src/App.vue, /src/assets/main.css
10:28:40 PM [vite] (client) hmr update /src/App.vue, /src/assets/main.css
11:09:21 PM [vite] (client) hmr update /src/App.vue, /src/assets/main.css
11:33:07 PM [vite] (client) hmr update /src/App.vue, /src/assets/main.css
11:33:39 PM [vite] (client) hmr update /src/App.vue, /src/assets/main.css
11:37:59 PM [vite] (client) hmr update /src/App.vue, /src/assets/main.css
11:37:59 PM [vite] Internal server error: Invalid end tag.
  Plugin: vite-plugin-vue-inspector
  File: /Users/arjantebrake/projects/own_projects/Ai/frontend/src/App.vue
      at createCompilerError (/Users/arjantebrake/projects/own_projects/Ai/frontend/node_modules/@vue/compiler-core/dist/compiler-core.cjs.js:1378:17)
      at emitError (/Users/arjantebrake/projects/own_projects/Ai/frontend/node_modules/@vue/compiler-core/dist/compiler-core.cjs.js:3014:5)
      at Object.onclosetag (/Users/arjantebrake/projects/own_projects/Ai/frontend/node_modules/@vue/compiler-core/dist/compiler-core.cjs.js:2391:9)
      at Tokenizer.stateInClosingTagName (/Users/arjantebrake/projects/own_projects/Ai/frontend/node_modules/@vue/compiler-core/dist/compiler-core.cjs.js:799:16)
      at Tokenizer.parse (/Users/arjantebrake/projects/own_projects/Ai/frontend/node_modules/@vue/compiler-core/dist/compiler-core.cjs.js:1157:16)
      at Object.baseParse (/Users/arjantebrake/projects/own_projects/Ai/frontend/node_modules/@vue/compiler-core/dist/compiler-core.cjs.js:3053:13)
      at parse (/Users/arjantebrake/projects/own_projects/Ai/frontend/node_modules/@vue/compiler-dom/dist/compiler-dom.cjs.js:910:23)
      at result (file:///Users/arjantebrake/projects/own_projects/Ai/frontend/node_modules/vite-plugin-vue-inspector/dist/index.mjs:29:21)
      at new Promise (<anonymous>)
      at compileSFCTemplate (file:///Users/arjantebrake/projects/own_projects/Ai/frontend/node_modules/vite-plugin-vue-inspector/dist/index.mjs:26:24)
11:39:02 PM [vite] (client) hmr update /src/App.vue, /src/assets/main.css
11:39:03 PM [vite] Internal server error: Invalid end tag.
  Plugin: vite-plugin-vue-inspector
  File: /Users/arjantebrake/projects/own_projects/Ai/frontend/src/App.vue
      at createCompilerError (/Users/arjantebrake/projects/own_projects/Ai/frontend/node_modules/@vue/compiler-core/dist/compiler-core.cjs.js:1378:17)
      at emitError (/Users/arjantebrake/projects/own_projects/Ai/frontend/node_modules/@vue/compiler-core/dist/compiler-core.cjs.js:3014:5)
      at Object.onclosetag (/Users/arjantebrake/projects/own_projects/Ai/frontend/node_modules/@vue/compiler-core/dist/compiler-core.cjs.js:2391:9)
      at Tokenizer.stateInClosingTagName (/Users/arjantebrake/projects/own_projects/Ai/frontend/node_modules/@vue/compiler-core/dist/compiler-core.cjs.js:799:16)
      at Tokenizer.parse (/Users/arjantebrake/projects/own_projects/Ai/frontend/node_modules/@vue/compiler-core/dist/compiler-core.cjs.js:1157:16)
      at Object.baseParse (/Users/arjantebrake/projects/own_projects/Ai/frontend/node_modules/@vue/compiler-core/dist/compiler-core.cjs.js:3053:13)
      at parse (/Users/arjantebrake/projects/own_projects/Ai/frontend/node_modules/@vue/compiler-dom/dist/compiler-dom.cjs.js:910:23)
      at result (file:///Users/arjantebrake/projects/own_projects/Ai/frontend/node_modules/vite-plugin-vue-inspector/dist/index.mjs:29:21)
      at new Promise (<anonymous>)
      at compileSFCTemplate (file:///Users/arjantebrake/projects/own_projects/Ai/frontend/node_modules/vite-plugin-vue-inspector/dist/index.mjs:26:24)
11:39:04 PM [vite] (client) hmr update /src/App.vue, /src/assets/main.css
11:39:04 PM [vite] Internal server error: Invalid end tag.
  Plugin: vite-plugin-vue-inspector
  File: /Users/arjantebrake/projects/own_projects/Ai/frontend/src/App.vue
      at createCompilerError (/Users/arjantebrake/projects/own_projects/Ai/frontend/node_modules/@vue/compiler-core/dist/compiler-core.cjs.js:1378:17)
      at emitError (/Users/arjantebrake/projects/own_projects/Ai/frontend/node_modules/@vue/compiler-core/dist/compiler-core.cjs.js:3014:5)
      at Object.onclosetag (/Users/arjantebrake/projects/own_projects/Ai/frontend/node_modules/@vue/compiler-core/dist/compiler-core.cjs.js:2391:9)
      at Tokenizer.stateInClosingTagName (/Users/arjantebrake/projects/own_projects/Ai/frontend/node_modules/@vue/compiler-core/dist/compiler-core.cjs.js:799:16)
      at Tokenizer.parse (/Users/arjantebrake/projects/own_projects/Ai/frontend/node_modules/@vue/compiler-core/dist/compiler-core.cjs.js:1157:16)
      at Object.baseParse (/Users/arjantebrake/projects/own_projects/Ai/frontend/node_modules/@vue/compiler-core/dist/compiler-core.cjs.js:3053:13)
      at parse (/Users/arjantebrake/projects/own_projects/Ai/frontend/node_modules/@vue/compiler-dom/dist/compiler-dom.cjs.js:910:23)
      at result (file:///Users/arjantebrake/projects/own_projects/Ai/frontend/node_modules/vite-plugin-vue-inspector/dist/index.mjs:29:21)
      at new Promise (<anonymous>)
      at compileSFCTemplate (file:///Users/arjantebrake/projects/own_projects/Ai/frontend/node_modules/vite-plugin-vue-inspector/dist/index.mjs:26:24)
11:40:19 PM [vite] (client) hmr update /src/App.vue, /src/assets/main.css
11:47:06 PM [vite] (client) hmr update /src/App.vue, /src/assets/main.css
11:51:39 PM [vite] (client) hmr update /src/App.vue, /src/assets/main.css
11:55:44 PM [vite] (client) hmr update /src/components/features/auth/LoginView.vue, /src/assets/main.css
11:56:00 PM [vite] (client) hmr update /src/App.vue, /src/components/layout/AppHeader.vue, /src/assets/main.css
11:56:17 PM [vite] (client) hmr update /src/App.vue, /src/assets/main.css
11:56:29 PM [vite] (client) hmr update /src/App.vue, /src/assets/main.css
12:15:05 AM [vite] (client) hmr update /src/App.vue, /src/assets/main.css
12:25:22 AM [vite] (client) hmr update /src/App.vue, /src/components/layout/AppHeader.vue, /src/assets/main.css
12:25:27 AM [vite] (client) hmr update /src/App.vue, /src/components/layout/AppHeader.vue, /src/assets/main.css
12:40:08 AM [vite] (client) hmr update /src/App.vue, /src/assets/main.css
12:40:16 AM [vite] (client) hmr update /src/App.vue, /src/assets/main.css
12:40:19 AM [vite] (client) hmr update /src/App.vue, /src/assets/main.css
12:40:39 AM [vite] (client) hmr update /src/components/features/transactions/BankImportModal.vue, /src/assets/main.css
12:49:09 AM [vite] (client) hmr update /src/components/features/transactions/BankImportModal.vue, /src/assets/main.css
12:51:24 AM [vite] (client) hmr update /src/components/features/transactions/BankImportModal.vue, /src/assets/main.css
12:54:04 AM [vite] (client) hmr update /src/components/features/transactions/BankImportModal.vue, /src/assets/main.css
12:57:10 AM [vite] (client) hmr update /src/components/features/transactions/BankImportModal.vue, /src/assets/main.css
1:00:02 AM [vite] (client) hmr update /src/components/features/transactions/BankImportModal.vue, /src/assets/main.css
9:59:08 AM [vite] (client) hmr update /src/App.vue, /src/components/layout/AppHeader.vue, /src/assets/main.css
9:59:15 AM [vite] (client) hmr update /src/App.vue, /src/components/layout/AppHeader.vue, /src/assets/main.css
9:59:18 AM [vite] (client) hmr update /src/App.vue, /src/components/layout/AppHeader.vue, /src/assets/main.css
9:59:27 AM [vite] (client) hmr update /src/App.vue, /src/assets/main.css
9:59:31 AM [vite] (client) hmr update /src/App.vue, /src/assets/main.css
9:59:45 AM [vite] (client) hmr update /src/App.vue, /src/assets/main.css
9:59:56 AM [vite] (client) hmr update /src/App.vue, /src/assets/main.css
10:00:09 AM [vite] (client) hmr update /src/components/features/transactions/TransactionCard.vue, /src/assets/main.css
10:00:15 AM [vite] (client) hmr update /src/components/features/transactions/TransactionCard.vue, /src/assets/main.css
10:00:34 AM [vite] (client) hmr update /src/components/features/transactions/TransactionModal.vue, /src/assets/main.css
10:00:39 AM [vite] (client) hmr update /src/components/features/transactions/TransactionModal.vue, /src/assets/main.css
10:00:45 AM [vite] (client) hmr update /src/App.vue, /src/assets/main.css
10:00:51 AM [vite] (client) hmr update /src/App.vue, /src/assets/main.css
10:00:55 AM [vite] (client) hmr update /src/App.vue, /src/assets/main.css
10:00:57 AM [vite] (client) hmr update /src/App.vue, /src/assets/main.css
10:14:11 AM [vite] (client) hmr update /src/App.vue, /src/assets/main.css
10:21:31 AM [vite] (client) hmr update /src/components/features/balance/SettlementPlan.vue, /src/assets/main.css
10:21:52 AM [vite] (client) hmr update /src/App.vue, /src/assets/main.css
10:21:54 AM [vite] (client) hmr update /src/App.vue, /src/assets/main.css
10:22:01 AM [vite] (client) hmr update /src/App.vue, /src/assets/main.css
10:22:03 AM [vite] (client) hmr update /src/App.vue, /src/assets/main.css
10:26:50 AM [vite] (client) hmr update /src/components/features/balance/SettlementHistory.vue, /src/assets/main.css
10:27:12 AM [vite] (client) hmr update /src/components/features/balance/SettlementHistory.vue, /src/assets/main.css
11:07:10 AM [vite] (client) hmr update /src/App.vue, /src/components/layout/AppHeader.vue, /src/assets/main.css
11:07:12 AM [vite] (client) hmr update /src/App.vue, /src/components/layout/AppHeader.vue, /src/assets/main.css
11:07:15 AM [vite] (client) hmr update /src/App.vue, /src/components/layout/AppHeader.vue, /src/assets/main.css
11:07:31 AM [vite] (client) hmr update /src/App.vue, /src/assets/main.css
11:07:41 AM [vite] (client) hmr update /src/App.vue, /src/assets/main.css
11:07:49 AM [vite] (client) hmr update /src/App.vue, /src/assets/main.css
11:08:09 AM [vite] (client) hmr update /src/App.vue, /src/assets/main.css
11:08:30 AM [vite] (client) hmr update /src/components/features/transactions/TransactionCard.vue, /src/assets/main.css
11:08:34 AM [vite] (client) hmr update /src/components/features/transactions/TransactionCard.vue, /src/assets/main.css
11:08:59 AM [vite] (client) hmr update /src/components/features/transactions/TransactionCard.vue, /src/assets/main.css
11:09:09 AM [vite] (client) hmr update /src/App.vue, /src/assets/main.css
11:09:24 AM [vite] (client) hmr update /src/App.vue, /src/assets/main.css
11:09:39 AM [vite] (client) hmr update /src/App.vue, /src/assets/main.css
11:09:51 AM [vite] (client) hmr update /src/App.vue, /src/assets/main.css
11:10:07 AM [vite] (client) hmr update /src/App.vue, /src/assets/main.css
11:10:21 AM [vite] (client) hmr update /src/App.vue, /src/assets/main.css
11:18:22 AM [vite] (client) hmr update /src/components/features/transactions/TransactionCard.vue, /src/assets/main.css
11:22:09 AM [vite] (client) hmr update /src/App.vue, /src/assets/main.css
11:22:19 AM [vite] (client) hmr update /src/App.vue, /src/assets/main.css
11:29:37 AM [vite] (client) hmr update /src/App.vue, /src/assets/main.css
11:29:48 AM [vite] (client) hmr update /src/App.vue, /src/assets/main.css
11:29:52 AM [vite] (client) hmr update /src/components/features/balance/SettlementHistory.vue, /src/assets/main.css
11:29:58 AM [vite] (client) hmr update /src/components/features/balance/SettlementHistory.vue, /src/assets/main.css
12:13:50 PM [vite] (client) hmr update /src/App.vue, /src/components/layout/AppHeader.vue, /src/assets/main.css
12:13:52 PM [vite] Internal server error: Element is missing end tag.
  Plugin: vite-plugin-vue-inspector
  File: /Users/arjantebrake/projects/own_projects/Ai/frontend/src/App.vue
      at createCompilerError (/Users/arjantebrake/projects/own_projects/Ai/frontend/node_modules/@vue/compiler-core/dist/compiler-core.cjs.js:1378:17)
      at emitError (/Users/arjantebrake/projects/own_projects/Ai/frontend/node_modules/@vue/compiler-core/dist/compiler-core.cjs.js:3014:5)
      at Object.onclosetag (/Users/arjantebrake/projects/own_projects/Ai/frontend/node_modules/@vue/compiler-core/dist/compiler-core.cjs.js:2381:13)
      at Tokenizer.stateInClosingTagName (/Users/arjantebrake/projects/own_projects/Ai/frontend/node_modules/@vue/compiler-core/dist/compiler-core.cjs.js:799:16)
      at Tokenizer.parse (/Users/arjantebrake/projects/own_projects/Ai/frontend/node_modules/@vue/compiler-core/dist/compiler-core.cjs.js:1157:16)
      at Object.baseParse (/Users/arjantebrake/projects/own_projects/Ai/frontend/node_modules/@vue/compiler-core/dist/compiler-core.cjs.js:3053:13)
      at parse (/Users/arjantebrake/projects/own_projects/Ai/frontend/node_modules/@vue/compiler-dom/dist/compiler-dom.cjs.js:910:23)
      at result (file:///Users/arjantebrake/projects/own_projects/Ai/frontend/node_modules/vite-plugin-vue-inspector/dist/index.mjs:29:21)
      at new Promise (<anonymous>)
      at compileSFCTemplate (file:///Users/arjantebrake/projects/own_projects/Ai/frontend/node_modules/vite-plugin-vue-inspector/dist/index.mjs:26:24)
12:13:52 PM [vite] Internal server error: Failed to parse source for import analysis because the content contains invalid JS syntax. If you are using JSX, make sure to name the file with the .jsx or .tsx extension.
  Plugin: vite:import-analysis
  File: /Users/arjantebrake/projects/own_projects/Ai/frontend/src/stores/appStore.js:1:0
  1  |  import { defineStore } from 'pinia'
     |  ^
  2  |  import { ref, computed } from 'vue'
  3  |  
      at TransformPluginContext._formatLog (file:///Users/arjantebrake/projects/own_projects/Ai/frontend/node_modules/vite/dist/node/chunks/config.js:28999:43)
      at TransformPluginContext.error (file:///Users/arjantebrake/projects/own_projects/Ai/frontend/node_modules/vite/dist/node/chunks/config.js:28996:14)
      at TransformPluginContext.transform (file:///Users/arjantebrake/projects/own_projects/Ai/frontend/node_modules/vite/dist/node/chunks/config.js:27082:10)
      at async file:///Users/arjantebrake/projects/own_projects/Ai/frontend/node_modules/vite-plugin-inspect/dist/shared/vite-plugin-inspect.BzUKaD4x.mjs:403:17
      at async EnvironmentPluginContainer.transform (file:///Users/arjantebrake/projects/own_projects/Ai/frontend/node_modules/vite/dist/node/chunks/config.js:28797:14)
      at async loadAndTransform (file:///Users/arjantebrake/projects/own_projects/Ai/frontend/node_modules/vite/dist/node/chunks/config.js:22670:26)
12:13:52 PM [vite] (client) Pre-transform error: Failed to parse source for import analysis because the content contains invalid JS syntax. If you are using JSX, make sure to name the file with the .jsx or .tsx extension.
  Plugin: vite:import-analysis
  File: /Users/arjantebrake/projects/own_projects/Ai/frontend/src/stores/appStore.js:1:0
  1  |  import { defineStore } from 'pinia'
     |  ^
  2  |  import { ref, computed } from 'vue'
  3  |  
12:13:53 PM [vite] Internal server error: Element is missing end tag.
  Plugin: vite-plugin-vue-inspector
  File: /Users/arjantebrake/projects/own_projects/Ai/frontend/src/App.vue
      at createCompilerError (/Users/arjantebrake/projects/own_projects/Ai/frontend/node_modules/@vue/compiler-core/dist/compiler-core.cjs.js:1378:17)
      at emitError (/Users/arjantebrake/projects/own_projects/Ai/frontend/node_modules/@vue/compiler-core/dist/compiler-core.cjs.js:3014:5)
      at Object.onclosetag (/Users/arjantebrake/projects/own_projects/Ai/frontend/node_modules/@vue/compiler-core/dist/compiler-core.cjs.js:2381:13)
      at Tokenizer.stateInClosingTagName (/Users/arjantebrake/projects/own_projects/Ai/frontend/node_modules/@vue/compiler-core/dist/compiler-core.cjs.js:799:16)
      at Tokenizer.parse (/Users/arjantebrake/projects/own_projects/Ai/frontend/node_modules/@vue/compiler-core/dist/compiler-core.cjs.js:1157:16)
      at Object.baseParse (/Users/arjantebrake/projects/own_projects/Ai/frontend/node_modules/@vue/compiler-core/dist/compiler-core.cjs.js:3053:13)
      at parse (/Users/arjantebrake/projects/own_projects/Ai/frontend/node_modules/@vue/compiler-dom/dist/compiler-dom.cjs.js:910:23)
      at result (file:///Users/arjantebrake/projects/own_projects/Ai/frontend/node_modules/vite-plugin-vue-inspector/dist/index.mjs:29:21)
      at new Promise (<anonymous>)
      at compileSFCTemplate (file:///Users/arjantebrake/projects/own_projects/Ai/frontend/node_modules/vite-plugin-vue-inspector/dist/index.mjs:26:24)
12:13:53 PM [vite] Internal server error: Failed to parse source for import analysis because the content contains invalid JS syntax. If you are using JSX, make sure to name the file with the .jsx or .tsx extension.
  Plugin: vite:import-analysis
  File: /Users/arjantebrake/projects/own_projects/Ai/frontend/src/stores/appStore.js:1:0
  1  |  import { defineStore } from 'pinia'
     |  ^
  2  |  import { ref, computed } from 'vue'
  3  |  
      at TransformPluginContext._formatLog (file:///Users/arjantebrake/projects/own_projects/Ai/frontend/node_modules/vite/dist/node/chunks/config.js:28999:43)
      at TransformPluginContext.error (file:///Users/arjantebrake/projects/own_projects/Ai/frontend/node_modules/vite/dist/node/chunks/config.js:28996:14)
      at TransformPluginContext.transform (file:///Users/arjantebrake/projects/own_projects/Ai/frontend/node_modules/vite/dist/node/chunks/config.js:27082:10)
      at async file:///Users/arjantebrake/projects/own_projects/Ai/frontend/node_modules/vite-plugin-inspect/dist/shared/vite-plugin-inspect.BzUKaD4x.mjs:403:17
      at async EnvironmentPluginContainer.transform (file:///Users/arjantebrake/projects/own_projects/Ai/frontend/node_modules/vite/dist/node/chunks/config.js:28797:14)
      at async loadAndTransform (file:///Users/arjantebrake/projects/own_projects/Ai/frontend/node_modules/vite/dist/node/chunks/config.js:22670:26)
      at async viteTransformMiddleware (file:///Users/arjantebrake/projects/own_projects/Ai/frontend/node_modules/vite/dist/node/chunks/config.js:24542:20)
12:18:46 PM [vite] (client) hmr update /src/App.vue, /src/components/layout/AppHeader.vue, /src/assets/main.css
12:18:47 PM [vite] Internal server error: Element is missing end tag.
  Plugin: vite-plugin-vue-inspector
  File: /Users/arjantebrake/projects/own_projects/Ai/frontend/src/App.vue
      at createCompilerError (/Users/arjantebrake/projects/own_projects/Ai/frontend/node_modules/@vue/compiler-core/dist/compiler-core.cjs.js:1378:17)
      at emitError (/Users/arjantebrake/projects/own_projects/Ai/frontend/node_modules/@vue/compiler-core/dist/compiler-core.cjs.js:3014:5)
      at Object.onclosetag (/Users/arjantebrake/projects/own_projects/Ai/frontend/node_modules/@vue/compiler-core/dist/compiler-core.cjs.js:2381:13)
      at Tokenizer.stateInClosingTagName (/Users/arjantebrake/projects/own_projects/Ai/frontend/node_modules/@vue/compiler-core/dist/compiler-core.cjs.js:799:16)
      at Tokenizer.parse (/Users/arjantebrake/projects/own_projects/Ai/frontend/node_modules/@vue/compiler-core/dist/compiler-core.cjs.js:1157:16)
      at Object.baseParse (/Users/arjantebrake/projects/own_projects/Ai/frontend/node_modules/@vue/compiler-core/dist/compiler-core.cjs.js:3053:13)
      at parse (/Users/arjantebrake/projects/own_projects/Ai/frontend/node_modules/@vue/compiler-dom/dist/compiler-dom.cjs.js:910:23)
      at result (file:///Users/arjantebrake/projects/own_projects/Ai/frontend/node_modules/vite-plugin-vue-inspector/dist/index.mjs:29:21)
      at new Promise (<anonymous>)
      at compileSFCTemplate (file:///Users/arjantebrake/projects/own_projects/Ai/frontend/node_modules/vite-plugin-vue-inspector/dist/index.mjs:26:24)
12:18:47 PM [vite] Internal server error: Element is missing end tag.
  Plugin: vite-plugin-vue-inspector
  File: /Users/arjantebrake/projects/own_projects/Ai/frontend/src/App.vue
      at createCompilerError (/Users/arjantebrake/projects/own_projects/Ai/frontend/node_modules/@vue/compiler-core/dist/compiler-core.cjs.js:1378:17)
      at emitError (/Users/arjantebrake/projects/own_projects/Ai/frontend/node_modules/@vue/compiler-core/dist/compiler-core.cjs.js:3014:5)
      at Object.onclosetag (/Users/arjantebrake/projects/own_projects/Ai/frontend/node_modules/@vue/compiler-core/dist/compiler-core.cjs.js:2381:13)
      at Tokenizer.stateInClosingTagName (/Users/arjantebrake/projects/own_projects/Ai/frontend/node_modules/@vue/compiler-core/dist/compiler-core.cjs.js:799:16)
      at Tokenizer.parse (/Users/arjantebrake/projects/own_projects/Ai/frontend/node_modules/@vue/compiler-core/dist/compiler-core.cjs.js:1157:16)
      at Object.baseParse (/Users/arjantebrake/projects/own_projects/Ai/frontend/node_modules/@vue/compiler-core/dist/compiler-core.cjs.js:3053:13)
      at parse (/Users/arjantebrake/projects/own_projects/Ai/frontend/node_modules/@vue/compiler-dom/dist/compiler-dom.cjs.js:910:23)
      at result (file:///Users/arjantebrake/projects/own_projects/Ai/frontend/node_modules/vite-plugin-vue-inspector/dist/index.mjs:29:21)
      at new Promise (<anonymous>)
      at compileSFCTemplate (file:///Users/arjantebrake/projects/own_projects/Ai/frontend/node_modules/vite-plugin-vue-inspector/dist/index.mjs:26:24)
12:21:27 PM [vite] (client) hmr update /src/components/features/balance/SettlementHistory.vue, /src/assets/main.css
12:21:27 PM [vite] Internal server error: Element is missing end tag.
  Plugin: vite-plugin-vue-inspector
  File: /Users/arjantebrake/projects/own_projects/Ai/frontend/src/components/features/balance/SettlementHistory.vue
      at createCompilerError (/Users/arjantebrake/projects/own_projects/Ai/frontend/node_modules/@vue/compiler-core/dist/compiler-core.cjs.js:1378:17)
      at emitError (/Users/arjantebrake/projects/own_projects/Ai/frontend/node_modules/@vue/compiler-core/dist/compiler-core.cjs.js:3014:5)
      at Object.onclosetag (/Users/arjantebrake/projects/own_projects/Ai/frontend/node_modules/@vue/compiler-core/dist/compiler-core.cjs.js:2381:13)
      at Tokenizer.stateInClosingTagName (/Users/arjantebrake/projects/own_projects/Ai/frontend/node_modules/@vue/compiler-core/dist/compiler-core.cjs.js:799:16)
      at Tokenizer.parse (/Users/arjantebrake/projects/own_projects/Ai/frontend/node_modules/@vue/compiler-core/dist/compiler-core.cjs.js:1157:16)
      at Object.baseParse (/Users/arjantebrake/projects/own_projects/Ai/frontend/node_modules/@vue/compiler-core/dist/compiler-core.cjs.js:3053:13)
      at parse (/Users/arjantebrake/projects/own_projects/Ai/frontend/node_modules/@vue/compiler-dom/dist/compiler-dom.cjs.js:910:23)
      at result (file:///Users/arjantebrake/projects/own_projects/Ai/frontend/node_modules/vite-plugin-vue-inspector/dist/index.mjs:29:21)
      at new Promise (<anonymous>)
      at compileSFCTemplate (file:///Users/arjantebrake/projects/own_projects/Ai/frontend/node_modules/vite-plugin-vue-inspector/dist/index.mjs:26:24)
12:21:27 PM [vite] Internal server error: Element is missing end tag.
  Plugin: vite-plugin-vue-inspector
  File: /Users/arjantebrake/projects/own_projects/Ai/frontend/src/components/features/balance/SettlementHistory.vue
      at createCompilerError (/Users/arjantebrake/projects/own_projects/Ai/frontend/node_modules/@vue/compiler-core/dist/compiler-core.cjs.js:1378:17)
      at emitError (/Users/arjantebrake/projects/own_projects/Ai/frontend/node_modules/@vue/compiler-core/dist/compiler-core.cjs.js:3014:5)
      at Object.onclosetag (/Users/arjantebrake/projects/own_projects/Ai/frontend/node_modules/@vue/compiler-core/dist/compiler-core.cjs.js:2381:13)
      at Tokenizer.stateInClosingTagName (/Users/arjantebrake/projects/own_projects/Ai/frontend/node_modules/@vue/compiler-core/dist/compiler-core.cjs.js:799:16)
      at Tokenizer.parse (/Users/arjantebrake/projects/own_projects/Ai/frontend/node_modules/@vue/compiler-core/dist/compiler-core.cjs.js:1157:16)
      at Object.baseParse (/Users/arjantebrake/projects/own_projects/Ai/frontend/node_modules/@vue/compiler-core/dist/compiler-core.cjs.js:3053:13)
      at parse (/Users/arjantebrake/projects/own_projects/Ai/frontend/node_modules/@vue/compiler-dom/dist/compiler-dom.cjs.js:910:23)
      at result (file:///Users/arjantebrake/projects/own_projects/Ai/frontend/node_modules/vite-plugin-vue-inspector/dist/index.mjs:29:21)
      at new Promise (<anonymous>)
      at compileSFCTemplate (file:///Users/arjantebrake/projects/own_projects/Ai/frontend/node_modules/vite-plugin-vue-inspector/dist/index.mjs:26:24)
12:22:02 PM [vite] (client) Pre-transform error: Element is missing end tag.
  Plugin: vite-plugin-vue-inspector
  File: /Users/arjantebrake/projects/own_projects/Ai/frontend/src/App.vue
12:22:02 PM [vite] (client) Pre-transform error: Element is missing end tag.
  Plugin: vite-plugin-vue-inspector
  File: /Users/arjantebrake/projects/own_projects/Ai/frontend/src/App.vue
12:22:02 PM [vite] Internal server error: Element is missing end tag.
  Plugin: vite-plugin-vue-inspector
  File: /Users/arjantebrake/projects/own_projects/Ai/frontend/src/App.vue
      at createCompilerError (/Users/arjantebrake/projects/own_projects/Ai/frontend/node_modules/@vue/compiler-core/dist/compiler-core.cjs.js:1378:17)
      at emitError (/Users/arjantebrake/projects/own_projects/Ai/frontend/node_modules/@vue/compiler-core/dist/compiler-core.cjs.js:3014:5)
      at Object.onclosetag (/Users/arjantebrake/projects/own_projects/Ai/frontend/node_modules/@vue/compiler-core/dist/compiler-core.cjs.js:2381:13)
      at Tokenizer.stateInClosingTagName (/Users/arjantebrake/projects/own_projects/Ai/frontend/node_modules/@vue/compiler-core/dist/compiler-core.cjs.js:799:16)
      at Tokenizer.parse (/Users/arjantebrake/projects/own_projects/Ai/frontend/node_modules/@vue/compiler-core/dist/compiler-core.cjs.js:1157:16)
      at Object.baseParse (/Users/arjantebrake/projects/own_projects/Ai/frontend/node_modules/@vue/compiler-core/dist/compiler-core.cjs.js:3053:13)
      at parse (/Users/arjantebrake/projects/own_projects/Ai/frontend/node_modules/@vue/compiler-dom/dist/compiler-dom.cjs.js:910:23)
      at result (file:///Users/arjantebrake/projects/own_projects/Ai/frontend/node_modules/vite-plugin-vue-inspector/dist/index.mjs:29:21)
      at new Promise (<anonymous>)
      at compileSFCTemplate (file:///Users/arjantebrake/projects/own_projects/Ai/frontend/node_modules/vite-plugin-vue-inspector/dist/index.mjs:26:24)
12:22:02 PM [vite] Internal server error: Element is missing end tag.
  Plugin: vite-plugin-vue-inspector
  File: /Users/arjantebrake/projects/own_projects/Ai/frontend/src/App.vue
      at createCompilerError (/Users/arjantebrake/projects/own_projects/Ai/frontend/node_modules/@vue/compiler-core/dist/compiler-core.cjs.js:1378:17)
      at emitError (/Users/arjantebrake/projects/own_projects/Ai/frontend/node_modules/@vue/compiler-core/dist/compiler-core.cjs.js:3014:5)
      at Object.onclosetag (/Users/arjantebrake/projects/own_projects/Ai/frontend/node_modules/@vue/compiler-core/dist/compiler-core.cjs.js:2381:13)
      at Tokenizer.stateInClosingTagName (/Users/arjantebrake/projects/own_projects/Ai/frontend/node_modules/@vue/compiler-core/dist/compiler-core.cjs.js:799:16)
      at Tokenizer.parse (/Users/arjantebrake/projects/own_projects/Ai/frontend/node_modules/@vue/compiler-core/dist/compiler-core.cjs.js:1157:16)
      at Object.baseParse (/Users/arjantebrake/projects/own_projects/Ai/frontend/node_modules/@vue/compiler-core/dist/compiler-core.cjs.js:3053:13)
      at parse (/Users/arjantebrake/projects/own_projects/Ai/frontend/node_modules/@vue/compiler-dom/dist/compiler-dom.cjs.js:910:23)
      at result (file:///Users/arjantebrake/projects/own_projects/Ai/frontend/node_modules/vite-plugin-vue-inspector/dist/index.mjs:29:21)
      at new Promise (<anonymous>)
      at compileSFCTemplate (file:///Users/arjantebrake/projects/own_projects/Ai/frontend/node_modules/vite-plugin-vue-inspector/dist/index.mjs:26:24)
12:35:27 PM [vite] (client) hmr update /src/components/features/balance/SettlementHistory.vue, /src/assets/main.css
12:35:28 PM [vite] (client) Pre-transform error: Element is missing end tag.
  Plugin: vite-plugin-vue-inspector
  File: /Users/arjantebrake/projects/own_projects/Ai/frontend/src/App.vue
12:35:28 PM [vite] (client) Pre-transform error: Element is missing end tag.
  Plugin: vite-plugin-vue-inspector
  File: /Users/arjantebrake/projects/own_projects/Ai/frontend/src/App.vue
12:35:28 PM [vite] Internal server error: Element is missing end tag.
  Plugin: vite-plugin-vue-inspector
  File: /Users/arjantebrake/projects/own_projects/Ai/frontend/src/App.vue
      at createCompilerError (/Users/arjantebrake/projects/own_projects/Ai/frontend/node_modules/@vue/compiler-core/dist/compiler-core.cjs.js:1378:17)
      at emitError (/Users/arjantebrake/projects/own_projects/Ai/frontend/node_modules/@vue/compiler-core/dist/compiler-core.cjs.js:3014:5)
      at Object.onclosetag (/Users/arjantebrake/projects/own_projects/Ai/frontend/node_modules/@vue/compiler-core/dist/compiler-core.cjs.js:2381:13)
      at Tokenizer.stateInClosingTagName (/Users/arjantebrake/projects/own_projects/Ai/frontend/node_modules/@vue/compiler-core/dist/compiler-core.cjs.js:799:16)
      at Tokenizer.parse (/Users/arjantebrake/projects/own_projects/Ai/frontend/node_modules/@vue/compiler-core/dist/compiler-core.cjs.js:1157:16)
      at Object.baseParse (/Users/arjantebrake/projects/own_projects/Ai/frontend/node_modules/@vue/compiler-core/dist/compiler-core.cjs.js:3053:13)
      at parse (/Users/arjantebrake/projects/own_projects/Ai/frontend/node_modules/@vue/compiler-dom/dist/compiler-dom.cjs.js:910:23)
      at result (file:///Users/arjantebrake/projects/own_projects/Ai/frontend/node_modules/vite-plugin-vue-inspector/dist/index.mjs:29:21)
      at new Promise (<anonymous>)
      at compileSFCTemplate (file:///Users/arjantebrake/projects/own_projects/Ai/frontend/node_modules/vite-plugin-vue-inspector/dist/index.mjs:26:24)
12:42:51 PM [vite] (client) hmr update /src/components/features/transactions/TransactionCard.vue, /src/assets/main.css
12:42:51 PM [vite] (client) Pre-transform error: [vue/compiler-sfc] Identifier 'handleBulkSplitsApply' has already been declared. (316:6)

/Users/arjantebrake/projects/own_projects/Ai/frontend/src/App.vue
314|  }
315|  
316|  const handleBulkSplitsApply = async () => {
   |        ^
317|    if (bulkSplits.value.length === 0) {
318|      alert('Selecteer minstens één persoon')
  Plugin: vite:vue
  File: /Users/arjantebrake/projects/own_projects/Ai/frontend/src/App.vue:316:6
  311 |        alert(data.error || 'Ongedaan maken mislukt')
  312 |      }
  313 |    } catch { alert('Ongedaan maken mislukt') }
      |                                           ^
  314 |  }
  315 |  
12:42:51 PM [vite] (client) Pre-transform error: [vue/compiler-sfc] Identifier 'handleBulkSplitsApply' has already been declared. (316:6)

/Users/arjantebrake/projects/own_projects/Ai/frontend/src/App.vue
314|  }
315|  
316|  const handleBulkSplitsApply = async () => {
   |        ^
317|    if (bulkSplits.value.length === 0) {
318|      alert('Selecteer minstens één persoon')
  Plugin: vite:vue
  File: /Users/arjantebrake/projects/own_projects/Ai/frontend/src/App.vue:316:6
  311 |        alert(data.error || 'Ongedaan maken mislukt')
  312 |      }
  313 |    } catch { alert('Ongedaan maken mislukt') }
      |                                           ^
  314 |  }
  315 |  
12:42:54 PM [vite] Internal server error: [vue/compiler-sfc] Identifier 'handleBulkSplitsApply' has already been declared. (316:6)

/Users/arjantebrake/projects/own_projects/Ai/frontend/src/App.vue
314|  }
315|  
316|  const handleBulkSplitsApply = async () => {
   |        ^
317|    if (bulkSplits.value.length === 0) {
318|      alert('Selecteer minstens één persoon')
  Plugin: vite:vue
  File: /Users/arjantebrake/projects/own_projects/Ai/frontend/src/App.vue:316:6
  311 |        alert(data.error || 'Ongedaan maken mislukt')
  312 |      }
  313 |    } catch { alert('Ongedaan maken mislukt') }
      |                                           ^
  314 |  }
  315 |  
      at constructor (/Users/arjantebrake/projects/own_projects/Ai/frontend/node_modules/@babel/parser/lib/index.js:365:19)
      at Parser.raise (/Users/arjantebrake/projects/own_projects/Ai/frontend/node_modules/@babel/parser/lib/index.js:6599:19)
      at ScopeHandler.checkRedeclarationInScope (/Users/arjantebrake/projects/own_projects/Ai/frontend/node_modules/@babel/parser/lib/index.js:1619:19)
      at ScopeHandler.declareName (/Users/arjantebrake/projects/own_projects/Ai/frontend/node_modules/@babel/parser/lib/index.js:1585:12)
      at Parser.declareNameFromIdentifier (/Users/arjantebrake/projects/own_projects/Ai/frontend/node_modules/@babel/parser/lib/index.js:7567:16)
      at Parser.checkIdentifier (/Users/arjantebrake/projects/own_projects/Ai/frontend/node_modules/@babel/parser/lib/index.js:7563:12)
      at Parser.checkLVal (/Users/arjantebrake/projects/own_projects/Ai/frontend/node_modules/@babel/parser/lib/index.js:7500:12)
      at Parser.parseVarId (/Users/arjantebrake/projects/own_projects/Ai/frontend/node_modules/@babel/parser/lib/index.js:13402:10)
      at Parser.parseVar (/Users/arjantebrake/projects/own_projects/Ai/frontend/node_modules/@babel/parser/lib/index.js:13373:12)
      at Parser.parseVarStatement (/Users/arjantebrake/projects/own_projects/Ai/frontend/node_modules/@babel/parser/lib/index.js:13220:10)
12:43:05 PM [vite] (client) hmr update /src/components/features/transactions/TransactionCard.vue, /src/assets/main.css
12:46:17 PM [vite] (client) hmr update /src/App.vue, /src/assets/main.css
12:47:09 PM [vite] (client) hmr update /src/App.vue, /src/components/layout/AppHeader.vue, /src/assets/main.css
12:47:12 PM [vite] (client) hmr update /src/App.vue, /src/components/layout/AppHeader.vue, /src/assets/main.css
1:00:38 PM [vite] (client) hmr update /src/components/features/balance/SettlementHistory.vue, /src/assets/main.css
1:00:39 PM [vite] (client) hmr update /src/App.vue, /src/assets/main.css
5:06:05 PM [vite] (client) hmr update /src/App.vue, /src/assets/main.css
5:06:05 PM [vite] (client) hmr update /src/components/features/balance/SettlementHistory.vue, /src/assets/main.css
5:06:11 PM [vite] (client) hmr update /src/components/features/balance/SettlementHistory.vue, /src/assets/main.css
5:06:11 PM [vite] (client) hmr update /src/App.vue, /src/assets/main.css
5:06:36 PM [vite] (client) hmr update /src/App.vue, /src/components/layout/AppHeader.vue, /src/assets/main.css
5:06:37 PM [vite] (client) hmr update /src/components/features/transactions/TransactionModal.vue, /src/assets/main.css
5:06:37 PM [vite] (client) hmr update /src/components/features/transactions/TransactionCard.vue, /src/assets/main.css
5:06:37 PM [vite] (client) hmr update /src/App.vue, /src/assets/main.css
5:08:04 PM [vite] (client) hmr update /src/App.vue, /src/components/layout/AppHeader.vue, /src/assets/main.css
5:08:04 PM [vite] (client) hmr update /src/assets/main.css
5:08:04 PM [vite] (client) hmr update /src/assets/main.css
5:08:04 PM [vite] (client) hmr update /src/assets/main.css
5:08:04 PM [vite] (client) hmr update /src/assets/main.css
5:08:04 PM [vite] (client) hmr update /src/assets/main.css
5:08:04 PM [vite] (client) hmr update /src/assets/main.css
5:08:04 PM [vite] (client) hmr update /src/assets/main.css
5:19:12 PM [vite] (client) hmr update /src/components/features/transactions/TransactionModal.vue, /src/assets/main.css
5:19:13 PM [vite] (client) hmr update /src/components/features/transactions/TransactionModal.vue, /src/assets/main.css
5:19:18 PM [vite] (client) hmr update /src/components/features/transactions/TransactionModal.vue, /src/assets/main.css
10:31:25 AM [vite] (client) hmr update /src/assets/main.css
10:31:25 AM [vite] (client) hmr update /src/App.vue, /src/components/layout/AppHeader.vue, /src/assets/main.css
10:31:27 AM [vite] (client) hmr update /src/App.vue, /src/assets/main.css
10:31:27 AM [vite] (client) hmr update /src/components/features/transactions/TransactionCard.vue, /src/assets/main.css
10:31:27 AM [vite] (client) hmr update /src/components/features/transactions/TransactionModal.vue, /src/assets/main.css
10:31:28 AM [vite] Internal server error: [postcss] /Users/arjantebrake/projects/own_projects/Ai/frontend/src/assets/main.css:114:5: The `shadow-glow` class does not exist. If `shadow-glow` is a custom class, make sure it is defined within a `@layer` directive.
  Plugin: vite:css
  File: /Users/arjantebrake/projects/own_projects/Ai/frontend/src/assets/main.css:114:4
  112 |  
  113 |    .weight-indicator-active {
  114 |      @apply bg-brand-red shadow-glow;
      |      ^
  115 |    }
  116 |  
      at Input.error (/Users/arjantebrake/projects/own_projects/Ai/frontend/node_modules/postcss/lib/input.js:135:16)
      at AtRule.error (/Users/arjantebrake/projects/own_projects/Ai/frontend/node_modules/postcss/lib/node.js:146:32)
      at processApply (/Users/arjantebrake/projects/own_projects/Ai/frontend/node_modules/tailwindcss/lib/lib/expandApplyAtRules.js:380:29)
      at /Users/arjantebrake/projects/own_projects/Ai/frontend/node_modules/tailwindcss/lib/lib/expandApplyAtRules.js:551:9
      at /Users/arjantebrake/projects/own_projects/Ai/frontend/node_modules/tailwindcss/lib/processTailwindFeatures.js:55:50
      at async plugins (/Users/arjantebrake/projects/own_projects/Ai/frontend/node_modules/tailwindcss/lib/plugin.js:38:17)
      at async LazyResult.runAsync (/Users/arjantebrake/projects/own_projects/Ai/frontend/node_modules/postcss/lib/lazy-result.js:293:11)
      at async runPostCSS (file:///Users/arjantebrake/projects/own_projects/Ai/frontend/node_modules/vite/dist/node/chunks/config.js:30145:19)
      at async compilePostCSS (file:///Users/arjantebrake/projects/own_projects/Ai/frontend/node_modules/vite/dist/node/chunks/config.js:30129:6)
      at async compileCSS (file:///Users/arjantebrake/projects/own_projects/Ai/frontend/node_modules/vite/dist/node/chunks/config.js:30059:26)
10:31:29 AM [vite] Internal server error: [postcss] /Users/arjantebrake/projects/own_projects/Ai/frontend/src/assets/main.css:114:5: The `shadow-glow` class does not exist. If `shadow-glow` is a custom class, make sure it is defined within a `@layer` directive.
  Plugin: vite:css
  File: /Users/arjantebrake/projects/own_projects/Ai/frontend/src/assets/main.css:114:4
  112 |  
  113 |    .weight-indicator-active {
  114 |      @apply bg-brand-red shadow-glow;
      |      ^
  115 |    }
  116 |  
      at Input.error (/Users/arjantebrake/projects/own_projects/Ai/frontend/node_modules/postcss/lib/input.js:135:16)
      at AtRule.error (/Users/arjantebrake/projects/own_projects/Ai/frontend/node_modules/postcss/lib/node.js:146:32)
      at processApply (/Users/arjantebrake/projects/own_projects/Ai/frontend/node_modules/tailwindcss/lib/lib/expandApplyAtRules.js:380:29)
      at /Users/arjantebrake/projects/own_projects/Ai/frontend/node_modules/tailwindcss/lib/lib/expandApplyAtRules.js:551:9
      at /Users/arjantebrake/projects/own_projects/Ai/frontend/node_modules/tailwindcss/lib/processTailwindFeatures.js:55:50
      at async plugins (/Users/arjantebrake/projects/own_projects/Ai/frontend/node_modules/tailwindcss/lib/plugin.js:38:17)
      at async LazyResult.runAsync (/Users/arjantebrake/projects/own_projects/Ai/frontend/node_modules/postcss/lib/lazy-result.js:293:11)
      at async runPostCSS (file:///Users/arjantebrake/projects/own_projects/Ai/frontend/node_modules/vite/dist/node/chunks/config.js:30145:19)
      at async compilePostCSS (file:///Users/arjantebrake/projects/own_projects/Ai/frontend/node_modules/vite/dist/node/chunks/config.js:30129:6)
      at async compileCSS (file:///Users/arjantebrake/projects/own_projects/Ai/frontend/node_modules/vite/dist/node/chunks/config.js:30059:26)
10:31:29 AM [vite] Internal server error: [postcss] /Users/arjantebrake/projects/own_projects/Ai/frontend/src/assets/main.css:114:5: The `shadow-glow` class does not exist. If `shadow-glow` is a custom class, make sure it is defined within a `@layer` directive.
  Plugin: vite:css
  File: /Users/arjantebrake/projects/own_projects/Ai/frontend/src/assets/main.css:114:4
  112 |  
  113 |    .weight-indicator-active {
  114 |      @apply bg-brand-red shadow-glow;
      |      ^
  115 |    }
  116 |  
      at Input.error (/Users/arjantebrake/projects/own_projects/Ai/frontend/node_modules/postcss/lib/input.js:135:16)
      at AtRule.error (/Users/arjantebrake/projects/own_projects/Ai/frontend/node_modules/postcss/lib/node.js:146:32)
      at processApply (/Users/arjantebrake/projects/own_projects/Ai/frontend/node_modules/tailwindcss/lib/lib/expandApplyAtRules.js:380:29)
      at /Users/arjantebrake/projects/own_projects/Ai/frontend/node_modules/tailwindcss/lib/lib/expandApplyAtRules.js:551:9
      at /Users/arjantebrake/projects/own_projects/Ai/frontend/node_modules/tailwindcss/lib/processTailwindFeatures.js:55:50
      at async plugins (/Users/arjantebrake/projects/own_projects/Ai/frontend/node_modules/tailwindcss/lib/plugin.js:38:17)
      at async LazyResult.runAsync (/Users/arjantebrake/projects/own_projects/Ai/frontend/node_modules/postcss/lib/lazy-result.js:293:11)
      at async runPostCSS (file:///Users/arjantebrake/projects/own_projects/Ai/frontend/node_modules/vite/dist/node/chunks/config.js:30145:19)
      at async compilePostCSS (file:///Users/arjantebrake/projects/own_projects/Ai/frontend/node_modules/vite/dist/node/chunks/config.js:30129:6)
      at async compileCSS (file:///Users/arjantebrake/projects/own_projects/Ai/frontend/node_modules/vite/dist/node/chunks/config.js:30059:26)
10:31:29 AM [vite] Internal server error: [postcss] /Users/arjantebrake/projects/own_projects/Ai/frontend/src/assets/main.css:114:5: The `shadow-glow` class does not exist. If `shadow-glow` is a custom class, make sure it is defined within a `@layer` directive.
  Plugin: vite:css
  File: /Users/arjantebrake/projects/own_projects/Ai/frontend/src/assets/main.css:114:4
  112 |  
  113 |    .weight-indicator-active {
  114 |      @apply bg-brand-red shadow-glow;
      |      ^
  115 |    }
  116 |  
      at Input.error (/Users/arjantebrake/projects/own_projects/Ai/frontend/node_modules/postcss/lib/input.js:135:16)
      at AtRule.error (/Users/arjantebrake/projects/own_projects/Ai/frontend/node_modules/postcss/lib/node.js:146:32)
      at processApply (/Users/arjantebrake/projects/own_projects/Ai/frontend/node_modules/tailwindcss/lib/lib/expandApplyAtRules.js:380:29)
      at /Users/arjantebrake/projects/own_projects/Ai/frontend/node_modules/tailwindcss/lib/lib/expandApplyAtRules.js:551:9
      at /Users/arjantebrake/projects/own_projects/Ai/frontend/node_modules/tailwindcss/lib/processTailwindFeatures.js:55:50
      at async plugins (/Users/arjantebrake/projects/own_projects/Ai/frontend/node_modules/tailwindcss/lib/plugin.js:38:17)
      at async LazyResult.runAsync (/Users/arjantebrake/projects/own_projects/Ai/frontend/node_modules/postcss/lib/lazy-result.js:293:11)
      at async runPostCSS (file:///Users/arjantebrake/projects/own_projects/Ai/frontend/node_modules/vite/dist/node/chunks/config.js:30145:19)
      at async compilePostCSS (file:///Users/arjantebrake/projects/own_projects/Ai/frontend/node_modules/vite/dist/node/chunks/config.js:30129:6)
      at async compileCSS (file:///Users/arjantebrake/projects/own_projects/Ai/frontend/node_modules/vite/dist/node/chunks/config.js:30059:26)
10:31:29 AM [vite] Internal server error: [postcss] /Users/arjantebrake/projects/own_projects/Ai/frontend/src/assets/main.css:114:5: The `shadow-glow` class does not exist. If `shadow-glow` is a custom class, make sure it is defined within a `@layer` directive.
  Plugin: vite:css
  File: /Users/arjantebrake/projects/own_projects/Ai/frontend/src/assets/main.css:114:4
  112 |  
  113 |    .weight-indicator-active {
  114 |      @apply bg-brand-red shadow-glow;
      |      ^
  115 |    }
  116 |  
      at Input.error (/Users/arjantebrake/projects/own_projects/Ai/frontend/node_modules/postcss/lib/input.js:135:16)
      at AtRule.error (/Users/arjantebrake/projects/own_projects/Ai/frontend/node_modules/postcss/lib/node.js:146:32)
      at processApply (/Users/arjantebrake/projects/own_projects/Ai/frontend/node_modules/tailwindcss/lib/lib/expandApplyAtRules.js:380:29)
      at /Users/arjantebrake/projects/own_projects/Ai/frontend/node_modules/tailwindcss/lib/lib/expandApplyAtRules.js:551:9
      at /Users/arjantebrake/projects/own_projects/Ai/frontend/node_modules/tailwindcss/lib/processTailwindFeatures.js:55:50
      at async plugins (/Users/arjantebrake/projects/own_projects/Ai/frontend/node_modules/tailwindcss/lib/plugin.js:38:17)
      at async LazyResult.runAsync (/Users/arjantebrake/projects/own_projects/Ai/frontend/node_modules/postcss/lib/lazy-result.js:293:11)
      at async runPostCSS (file:///Users/arjantebrake/projects/own_projects/Ai/frontend/node_modules/vite/dist/node/chunks/config.js:30145:19)
      at async compilePostCSS (file:///Users/arjantebrake/projects/own_projects/Ai/frontend/node_modules/vite/dist/node/chunks/config.js:30129:6)
      at async compileCSS (file:///Users/arjantebrake/projects/own_projects/Ai/frontend/node_modules/vite/dist/node/chunks/config.js:30059:26)
11:17:13 AM [vite] (client) Pre-transform error: [postcss] /Users/arjantebrake/projects/own_projects/Ai/frontend/src/assets/main.css:114:5: The `shadow-glow` class does not exist. If `shadow-glow` is a custom class, make sure it is defined within a `@layer` directive.
  Plugin: vite:css
  File: /Users/arjantebrake/projects/own_projects/Ai/frontend/src/assets/main.css:114:4
  112 |  
  113 |    .weight-indicator-active {
  114 |      @apply bg-brand-red shadow-glow;
      |      ^
  115 |    }
  116 |  
11:17:13 AM [vite] Internal server error: [postcss] /Users/arjantebrake/projects/own_projects/Ai/frontend/src/assets/main.css:114:5: The `shadow-glow` class does not exist. If `shadow-glow` is a custom class, make sure it is defined within a `@layer` directive.
  Plugin: vite:css
  File: /Users/arjantebrake/projects/own_projects/Ai/frontend/src/assets/main.css:114:4
  112 |  
  113 |    .weight-indicator-active {
  114 |      @apply bg-brand-red shadow-glow;
      |      ^
  115 |    }
  116 |  
      at Input.error (/Users/arjantebrake/projects/own_projects/Ai/frontend/node_modules/postcss/lib/input.js:135:16)
      at AtRule.error (/Users/arjantebrake/projects/own_projects/Ai/frontend/node_modules/postcss/lib/node.js:146:32)
      at processApply (/Users/arjantebrake/projects/own_projects/Ai/frontend/node_modules/tailwindcss/lib/lib/expandApplyAtRules.js:380:29)
      at /Users/arjantebrake/projects/own_projects/Ai/frontend/node_modules/tailwindcss/lib/lib/expandApplyAtRules.js:551:9
      at /Users/arjantebrake/projects/own_projects/Ai/frontend/node_modules/tailwindcss/lib/processTailwindFeatures.js:55:50
      at async plugins (/Users/arjantebrake/projects/own_projects/Ai/frontend/node_modules/tailwindcss/lib/plugin.js:38:17)
      at async LazyResult.runAsync (/Users/arjantebrake/projects/own_projects/Ai/frontend/node_modules/postcss/lib/lazy-result.js:293:11)
      at async runPostCSS (file:///Users/arjantebrake/projects/own_projects/Ai/frontend/node_modules/vite/dist/node/chunks/config.js:30145:19)
      at async compilePostCSS (file:///Users/arjantebrake/projects/own_projects/Ai/frontend/node_modules/vite/dist/node/chunks/config.js:30129:6)
      at async compileCSS (file:///Users/arjantebrake/projects/own_projects/Ai/frontend/node_modules/vite/dist/node/chunks/config.js:30059:26)
11:54:05 AM [vite] (client) hmr update /src/assets/main.css
11:54:05 AM [vite] changed tsconfig file detected: /Users/arjantebrake/projects/own_projects/Ai/frontend/tsconfig.json - Clearing cache and forcing full-reload to ensure TypeScript is compiled with updated config values.
11:54:06 AM [vite] (client) hmr update /src/components/features/activities/ActivitySelector.vue, /src/assets/main.css
11:54:07 AM [vite] (client) hmr update /src/components/features/activities/ActivityModal.vue, /src/assets/main.css
11:54:08 AM [vite] (client) hmr update /src/components/features/auth/LoginView.vue, /src/assets/main.css
11:54:08 AM [vite] (client) hmr update /src/components/features/auth/ProfileModal.vue, /src/assets/main.css
11:54:08 AM [vite] (client) hmr update /src/components/features/balance/SettlementPlan.vue, /src/assets/main.css
11:54:08 AM [vite] (client) hmr update /src/components/layout/AppHeader.vue, /src/assets/main.css
11:54:09 AM [vite] (client) hmr update /src/components/features/transactions/BankImportModal.vue, /src/assets/main.css
11:54:09 AM [vite] (client) hmr update /src/components/features/activities/ActivityList.vue, /src/assets/main.css
11:54:09 AM [vite] (client) hmr update /src/components/features/balance/SettlementHistory.vue, /src/assets/main.css
11:54:09 AM [vite] (client) hmr update /src/components/features/balance/BalanceCard.vue, /src/assets/main.css
11:54:09 AM [vite] (client) Pre-transform error: Attribute name cannot contain U+0022 ("), U+0027 ('), and U+003C (<).
  Plugin: vite-plugin-vue-inspector
  File: /Users/arjantebrake/projects/own_projects/Ai/frontend/src/App.vue
11:54:09 AM [vite] (client) Pre-transform error: Attribute name cannot contain U+0022 ("), U+0027 ('), and U+003C (<).
  Plugin: vite-plugin-vue-inspector
  File: /Users/arjantebrake/projects/own_projects/Ai/frontend/src/App.vue
11:54:10 AM [vite] (client) Pre-transform error: [postcss] /Users/arjantebrake/projects/own_projects/Ai/frontend/src/assets/main.css:114:5: The `shadow-glow` class does not exist. If `shadow-glow` is a custom class, make sure it is defined within a `@layer` directive.
  Plugin: vite:css
  File: /Users/arjantebrake/projects/own_projects/Ai/frontend/src/assets/main.css:114:4
  112 |  
  113 |    .weight-indicator-active {
  114 |      @apply bg-brand-red shadow-glow;
      |      ^
  115 |    }
  116 |  
11:54:10 AM [vite] Internal server error: [postcss] /Users/arjantebrake/projects/own_projects/Ai/frontend/src/assets/main.css:114:5: The `shadow-glow` class does not exist. If `shadow-glow` is a custom class, make sure it is defined within a `@layer` directive.
  Plugin: vite:css
  File: /Users/arjantebrake/projects/own_projects/Ai/frontend/src/assets/main.css:114:4
  112 |  
  113 |    .weight-indicator-active {
  114 |      @apply bg-brand-red shadow-glow;
      |      ^
  115 |    }
  116 |  
      at Input.error (/Users/arjantebrake/projects/own_projects/Ai/frontend/node_modules/postcss/lib/input.js:135:16)
      at AtRule.error (/Users/arjantebrake/projects/own_projects/Ai/frontend/node_modules/postcss/lib/node.js:146:32)
      at processApply (/Users/arjantebrake/projects/own_projects/Ai/frontend/node_modules/tailwindcss/lib/lib/expandApplyAtRules.js:380:29)
      at /Users/arjantebrake/projects/own_projects/Ai/frontend/node_modules/tailwindcss/lib/lib/expandApplyAtRules.js:551:9
      at /Users/arjantebrake/projects/own_projects/Ai/frontend/node_modules/tailwindcss/lib/processTailwindFeatures.js:55:50
      at async plugins (/Users/arjantebrake/projects/own_projects/Ai/frontend/node_modules/tailwindcss/lib/plugin.js:38:17)
      at async LazyResult.runAsync (/Users/arjantebrake/projects/own_projects/Ai/frontend/node_modules/postcss/lib/lazy-result.js:293:11)
      at async runPostCSS (file:///Users/arjantebrake/projects/own_projects/Ai/frontend/node_modules/vite/dist/node/chunks/config.js:30145:19)
      at async compilePostCSS (file:///Users/arjantebrake/projects/own_projects/Ai/frontend/node_modules/vite/dist/node/chunks/config.js:30129:6)
      at async compileCSS (file:///Users/arjantebrake/projects/own_projects/Ai/frontend/node_modules/vite/dist/node/chunks/config.js:30059:26)
11:54:10 AM [vite] Internal server error: Attribute name cannot contain U+0022 ("), U+0027 ('), and U+003C (<).
  Plugin: vite-plugin-vue-inspector
  File: /Users/arjantebrake/projects/own_projects/Ai/frontend/src/App.vue
      at createCompilerError (/Users/arjantebrake/projects/own_projects/Ai/frontend/node_modules/@vue/compiler-core/dist/compiler-core.cjs.js:1378:17)
      at Object.emitError [as onerr] (/Users/arjantebrake/projects/own_projects/Ai/frontend/node_modules/@vue/compiler-core/dist/compiler-core.cjs.js:3014:5)
      at Tokenizer.stateInAttrName (/Users/arjantebrake/projects/own_projects/Ai/frontend/node_modules/@vue/compiler-core/dist/compiler-core.cjs.js:868:16)
      at Tokenizer.parse (/Users/arjantebrake/projects/own_projects/Ai/frontend/node_modules/@vue/compiler-core/dist/compiler-core.cjs.js:1117:16)
      at Object.baseParse (/Users/arjantebrake/projects/own_projects/Ai/frontend/node_modules/@vue/compiler-core/dist/compiler-core.cjs.js:3053:13)
      at parse (/Users/arjantebrake/projects/own_projects/Ai/frontend/node_modules/@vue/compiler-dom/dist/compiler-dom.cjs.js:910:23)
      at result (file:///Users/arjantebrake/projects/own_projects/Ai/frontend/node_modules/vite-plugin-vue-inspector/dist/index.mjs:29:21)
      at new Promise (<anonymous>)
      at compileSFCTemplate (file:///Users/arjantebrake/projects/own_projects/Ai/frontend/node_modules/vite-plugin-vue-inspector/dist/index.mjs:26:24)
      at TransformPluginContext.transform (file:///Users/arjantebrake/projects/own_projects/Ai/frontend/node_modules/vite-plugin-vue-inspector/dist/index.mjs:203:18)
11:56:17 AM [vite] (client) hmr update /src/App.vue, /src/assets/main.css
11:56:17 AM [vite] (client) Pre-transform error: Attribute name cannot contain U+0022 ("), U+0027 ('), and U+003C (<).
  Plugin: vite-plugin-vue-inspector
  File: /Users/arjantebrake/projects/own_projects/Ai/frontend/src/App.vue
11:56:17 AM [vite] (client) Pre-transform error: Attribute name cannot contain U+0022 ("), U+0027 ('), and U+003C (<).
  Plugin: vite-plugin-vue-inspector
  File: /Users/arjantebrake/projects/own_projects/Ai/frontend/src/App.vue
11:56:17 AM [vite] (client) Pre-transform error: [postcss] /Users/arjantebrake/projects/own_projects/Ai/frontend/src/assets/main.css:114:5: The `shadow-glow` class does not exist. If `shadow-glow` is a custom class, make sure it is defined within a `@layer` directive.
  Plugin: vite:css
  File: /Users/arjantebrake/projects/own_projects/Ai/frontend/src/assets/main.css:114:4
  112 |  
  113 |    .weight-indicator-active {
  114 |      @apply bg-brand-red shadow-glow;
      |      ^
  115 |    }
  116 |  
11:56:17 AM [vite] Internal server error: [postcss] /Users/arjantebrake/projects/own_projects/Ai/frontend/src/assets/main.css:114:5: The `shadow-glow` class does not exist. If `shadow-glow` is a custom class, make sure it is defined within a `@layer` directive.
  Plugin: vite:css
  File: /Users/arjantebrake/projects/own_projects/Ai/frontend/src/assets/main.css:114:4
  112 |  
  113 |    .weight-indicator-active {
  114 |      @apply bg-brand-red shadow-glow;
      |      ^
  115 |    }
  116 |  
      at Input.error (/Users/arjantebrake/projects/own_projects/Ai/frontend/node_modules/postcss/lib/input.js:135:16)
      at AtRule.error (/Users/arjantebrake/projects/own_projects/Ai/frontend/node_modules/postcss/lib/node.js:146:32)
      at processApply (/Users/arjantebrake/projects/own_projects/Ai/frontend/node_modules/tailwindcss/lib/lib/expandApplyAtRules.js:380:29)
      at /Users/arjantebrake/projects/own_projects/Ai/frontend/node_modules/tailwindcss/lib/lib/expandApplyAtRules.js:551:9
      at /Users/arjantebrake/projects/own_projects/Ai/frontend/node_modules/tailwindcss/lib/processTailwindFeatures.js:55:50
      at async plugins (/Users/arjantebrake/projects/own_projects/Ai/frontend/node_modules/tailwindcss/lib/plugin.js:38:17)
      at async LazyResult.runAsync (/Users/arjantebrake/projects/own_projects/Ai/frontend/node_modules/postcss/lib/lazy-result.js:293:11)
      at async runPostCSS (file:///Users/arjantebrake/projects/own_projects/Ai/frontend/node_modules/vite/dist/node/chunks/config.js:30145:19)
      at async compilePostCSS (file:///Users/arjantebrake/projects/own_projects/Ai/frontend/node_modules/vite/dist/node/chunks/config.js:30129:6)
      at async compileCSS (file:///Users/arjantebrake/projects/own_projects/Ai/frontend/node_modules/vite/dist/node/chunks/config.js:30059:26)
11:56:17 AM [vite] Internal server error: Attribute name cannot contain U+0022 ("), U+0027 ('), and U+003C (<).
  Plugin: vite-plugin-vue-inspector
  File: /Users/arjantebrake/projects/own_projects/Ai/frontend/src/App.vue
      at createCompilerError (/Users/arjantebrake/projects/own_projects/Ai/frontend/node_modules/@vue/compiler-core/dist/compiler-core.cjs.js:1378:17)
      at Object.emitError [as onerr] (/Users/arjantebrake/projects/own_projects/Ai/frontend/node_modules/@vue/compiler-core/dist/compiler-core.cjs.js:3014:5)
      at Tokenizer.stateInAttrName (/Users/arjantebrake/projects/own_projects/Ai/frontend/node_modules/@vue/compiler-core/dist/compiler-core.cjs.js:868:16)
      at Tokenizer.parse (/Users/arjantebrake/projects/own_projects/Ai/frontend/node_modules/@vue/compiler-core/dist/compiler-core.cjs.js:1117:16)
      at Object.baseParse (/Users/arjantebrake/projects/own_projects/Ai/frontend/node_modules/@vue/compiler-core/dist/compiler-core.cjs.js:3053:13)
      at parse (/Users/arjantebrake/projects/own_projects/Ai/frontend/node_modules/@vue/compiler-dom/dist/compiler-dom.cjs.js:910:23)
      at result (file:///Users/arjantebrake/projects/own_projects/Ai/frontend/node_modules/vite-plugin-vue-inspector/dist/index.mjs:29:21)
      at new Promise (<anonymous>)
      at compileSFCTemplate (file:///Users/arjantebrake/projects/own_projects/Ai/frontend/node_modules/vite-plugin-vue-inspector/dist/index.mjs:26:24)
      at TransformPluginContext.transform (file:///Users/arjantebrake/projects/own_projects/Ai/frontend/node_modules/vite-plugin-vue-inspector/dist/index.mjs:203:18)
11:56:20 AM [vite] (client) hmr update /src/App.vue, /src/assets/main.css
11:56:21 AM [vite] (client) Pre-transform error: Attribute name cannot contain U+0022 ("), U+0027 ('), and U+003C (<).
  Plugin: vite-plugin-vue-inspector
  File: /Users/arjantebrake/projects/own_projects/Ai/frontend/src/App.vue
11:56:21 AM [vite] (client) Pre-transform error: Attribute name cannot contain U+0022 ("), U+0027 ('), and U+003C (<).
  Plugin: vite-plugin-vue-inspector
  File: /Users/arjantebrake/projects/own_projects/Ai/frontend/src/App.vue
11:56:21 AM [vite] (client) Pre-transform error: [postcss] /Users/arjantebrake/projects/own_projects/Ai/frontend/src/assets/main.css:114:5: The `shadow-glow` class does not exist. If `shadow-glow` is a custom class, make sure it is defined within a `@layer` directive.
  Plugin: vite:css
  File: /Users/arjantebrake/projects/own_projects/Ai/frontend/src/assets/main.css:114:4
  112 |  
  113 |    .weight-indicator-active {
  114 |      @apply bg-brand-red shadow-glow;
      |      ^
  115 |    }
  116 |  
11:56:22 AM [vite] Internal server error: [postcss] /Users/arjantebrake/projects/own_projects/Ai/frontend/src/assets/main.css:114:5: The `shadow-glow` class does not exist. If `shadow-glow` is a custom class, make sure it is defined within a `@layer` directive.
  Plugin: vite:css
  File: /Users/arjantebrake/projects/own_projects/Ai/frontend/src/assets/main.css:114:4
  112 |  
  113 |    .weight-indicator-active {
  114 |      @apply bg-brand-red shadow-glow;
      |      ^
  115 |    }
  116 |  
      at Input.error (/Users/arjantebrake/projects/own_projects/Ai/frontend/node_modules/postcss/lib/input.js:135:16)
      at AtRule.error (/Users/arjantebrake/projects/own_projects/Ai/frontend/node_modules/postcss/lib/node.js:146:32)
      at processApply (/Users/arjantebrake/projects/own_projects/Ai/frontend/node_modules/tailwindcss/lib/lib/expandApplyAtRules.js:380:29)
      at /Users/arjantebrake/projects/own_projects/Ai/frontend/node_modules/tailwindcss/lib/lib/expandApplyAtRules.js:551:9
      at /Users/arjantebrake/projects/own_projects/Ai/frontend/node_modules/tailwindcss/lib/processTailwindFeatures.js:55:50
      at async plugins (/Users/arjantebrake/projects/own_projects/Ai/frontend/node_modules/tailwindcss/lib/plugin.js:38:17)
      at async LazyResult.runAsync (/Users/arjantebrake/projects/own_projects/Ai/frontend/node_modules/postcss/lib/lazy-result.js:293:11)
      at async runPostCSS (file:///Users/arjantebrake/projects/own_projects/Ai/frontend/node_modules/vite/dist/node/chunks/config.js:30145:19)
      at async compilePostCSS (file:///Users/arjantebrake/projects/own_projects/Ai/frontend/node_modules/vite/dist/node/chunks/config.js:30129:6)
      at async compileCSS (file:///Users/arjantebrake/projects/own_projects/Ai/frontend/node_modules/vite/dist/node/chunks/config.js:30059:26)
11:56:22 AM [vite] Internal server error: Attribute name cannot contain U+0022 ("), U+0027 ('), and U+003C (<).
  Plugin: vite-plugin-vue-inspector
  File: /Users/arjantebrake/projects/own_projects/Ai/frontend/src/App.vue
      at createCompilerError (/Users/arjantebrake/projects/own_projects/Ai/frontend/node_modules/@vue/compiler-core/dist/compiler-core.cjs.js:1378:17)
      at Object.emitError [as onerr] (/Users/arjantebrake/projects/own_projects/Ai/frontend/node_modules/@vue/compiler-core/dist/compiler-core.cjs.js:3014:5)
      at Tokenizer.stateInAttrName (/Users/arjantebrake/projects/own_projects/Ai/frontend/node_modules/@vue/compiler-core/dist/compiler-core.cjs.js:868:16)
      at Tokenizer.parse (/Users/arjantebrake/projects/own_projects/Ai/frontend/node_modules/@vue/compiler-core/dist/compiler-core.cjs.js:1117:16)
      at Object.baseParse (/Users/arjantebrake/projects/own_projects/Ai/frontend/node_modules/@vue/compiler-core/dist/compiler-core.cjs.js:3053:13)
      at parse (/Users/arjantebrake/projects/own_projects/Ai/frontend/node_modules/@vue/compiler-dom/dist/compiler-dom.cjs.js:910:23)
      at result (file:///Users/arjantebrake/projects/own_projects/Ai/frontend/node_modules/vite-plugin-vue-inspector/dist/index.mjs:29:21)
      at new Promise (<anonymous>)
      at compileSFCTemplate (file:///Users/arjantebrake/projects/own_projects/Ai/frontend/node_modules/vite-plugin-vue-inspector/dist/index.mjs:26:24)
      at TransformPluginContext.transform (file:///Users/arjantebrake/projects/own_projects/Ai/frontend/node_modules/vite-plugin-vue-inspector/dist/index.mjs:203:18)
11:56:26 AM [vite] (client) hmr update /src/App.vue, /src/assets/main.css
11:56:26 AM [vite] (client) Pre-transform error: Attribute name cannot contain U+0022 ("), U+0027 ('), and U+003C (<).
  Plugin: vite-plugin-vue-inspector
  File: /Users/arjantebrake/projects/own_projects/Ai/frontend/src/App.vue
11:56:26 AM [vite] (client) Pre-transform error: Attribute name cannot contain U+0022 ("), U+0027 ('), and U+003C (<).
  Plugin: vite-plugin-vue-inspector
  File: /Users/arjantebrake/projects/own_projects/Ai/frontend/src/App.vue
11:56:27 AM [vite] (client) Pre-transform error: [postcss] /Users/arjantebrake/projects/own_projects/Ai/frontend/src/assets/main.css:114:5: The `shadow-glow` class does not exist. If `shadow-glow` is a custom class, make sure it is defined within a `@layer` directive.
  Plugin: vite:css
  File: /Users/arjantebrake/projects/own_projects/Ai/frontend/src/assets/main.css:114:4
  112 |  
  113 |    .weight-indicator-active {
  114 |      @apply bg-brand-red shadow-glow;
      |      ^
  115 |    }
  116 |  
11:56:27 AM [vite] Internal server error: [postcss] /Users/arjantebrake/projects/own_projects/Ai/frontend/src/assets/main.css:114:5: The `shadow-glow` class does not exist. If `shadow-glow` is a custom class, make sure it is defined within a `@layer` directive.
  Plugin: vite:css
  File: /Users/arjantebrake/projects/own_projects/Ai/frontend/src/assets/main.css:114:4
  112 |  
  113 |    .weight-indicator-active {
  114 |      @apply bg-brand-red shadow-glow;
      |      ^
  115 |    }
  116 |  
      at Input.error (/Users/arjantebrake/projects/own_projects/Ai/frontend/node_modules/postcss/lib/input.js:135:16)
      at AtRule.error (/Users/arjantebrake/projects/own_projects/Ai/frontend/node_modules/postcss/lib/node.js:146:32)
      at processApply (/Users/arjantebrake/projects/own_projects/Ai/frontend/node_modules/tailwindcss/lib/lib/expandApplyAtRules.js:380:29)
      at /Users/arjantebrake/projects/own_projects/Ai/frontend/node_modules/tailwindcss/lib/lib/expandApplyAtRules.js:551:9
      at /Users/arjantebrake/projects/own_projects/Ai/frontend/node_modules/tailwindcss/lib/processTailwindFeatures.js:55:50
      at async plugins (/Users/arjantebrake/projects/own_projects/Ai/frontend/node_modules/tailwindcss/lib/plugin.js:38:17)
      at async LazyResult.runAsync (/Users/arjantebrake/projects/own_projects/Ai/frontend/node_modules/postcss/lib/lazy-result.js:293:11)
      at async runPostCSS (file:///Users/arjantebrake/projects/own_projects/Ai/frontend/node_modules/vite/dist/node/chunks/config.js:30145:19)
      at async compilePostCSS (file:///Users/arjantebrake/projects/own_projects/Ai/frontend/node_modules/vite/dist/node/chunks/config.js:30129:6)
      at async compileCSS (file:///Users/arjantebrake/projects/own_projects/Ai/frontend/node_modules/vite/dist/node/chunks/config.js:30059:26)
11:56:27 AM [vite] Internal server error: Attribute name cannot contain U+0022 ("), U+0027 ('), and U+003C (<).
  Plugin: vite-plugin-vue-inspector
  File: /Users/arjantebrake/projects/own_projects/Ai/frontend/src/App.vue
      at createCompilerError (/Users/arjantebrake/projects/own_projects/Ai/frontend/node_modules/@vue/compiler-core/dist/compiler-core.cjs.js:1378:17)
      at Object.emitError [as onerr] (/Users/arjantebrake/projects/own_projects/Ai/frontend/node_modules/@vue/compiler-core/dist/compiler-core.cjs.js:3014:5)
      at Tokenizer.stateInAttrName (/Users/arjantebrake/projects/own_projects/Ai/frontend/node_modules/@vue/compiler-core/dist/compiler-core.cjs.js:868:16)
      at Tokenizer.parse (/Users/arjantebrake/projects/own_projects/Ai/frontend/node_modules/@vue/compiler-core/dist/compiler-core.cjs.js:1117:16)
      at Object.baseParse (/Users/arjantebrake/projects/own_projects/Ai/frontend/node_modules/@vue/compiler-core/dist/compiler-core.cjs.js:3053:13)
      at parse (/Users/arjantebrake/projects/own_projects/Ai/frontend/node_modules/@vue/compiler-dom/dist/compiler-dom.cjs.js:910:23)
      at result (file:///Users/arjantebrake/projects/own_projects/Ai/frontend/node_modules/vite-plugin-vue-inspector/dist/index.mjs:29:21)
      at new Promise (<anonymous>)
      at compileSFCTemplate (file:///Users/arjantebrake/projects/own_projects/Ai/frontend/node_modules/vite-plugin-vue-inspector/dist/index.mjs:26:24)
      at TransformPluginContext.transform (file:///Users/arjantebrake/projects/own_projects/Ai/frontend/node_modules/vite-plugin-vue-inspector/dist/index.mjs:203:18)
11:56:46 AM [vite] (client) hmr update /src/App.vue, /src/assets/main.css
11:56:47 AM [vite] (client) Pre-transform error: [postcss] /Users/arjantebrake/projects/own_projects/Ai/frontend/src/assets/main.css:114:5: The `shadow-glow` class does not exist. If `shadow-glow` is a custom class, make sure it is defined within a `@layer` directive.
  Plugin: vite:css
  File: /Users/arjantebrake/projects/own_projects/Ai/frontend/src/assets/main.css:114:4
  112 |  
  113 |    .weight-indicator-active {
  114 |      @apply bg-brand-red shadow-glow;
      |      ^
  115 |    }
  116 |  
11:56:47 AM [vite] Internal server error: [postcss] /Users/arjantebrake/projects/own_projects/Ai/frontend/src/assets/main.css:114:5: The `shadow-glow` class does not exist. If `shadow-glow` is a custom class, make sure it is defined within a `@layer` directive.
  Plugin: vite:css
  File: /Users/arjantebrake/projects/own_projects/Ai/frontend/src/assets/main.css:114:4
  112 |  
  113 |    .weight-indicator-active {
  114 |      @apply bg-brand-red shadow-glow;
      |      ^
  115 |    }
  116 |  
      at Input.error (/Users/arjantebrake/projects/own_projects/Ai/frontend/node_modules/postcss/lib/input.js:135:16)
      at AtRule.error (/Users/arjantebrake/projects/own_projects/Ai/frontend/node_modules/postcss/lib/node.js:146:32)
      at processApply (/Users/arjantebrake/projects/own_projects/Ai/frontend/node_modules/tailwindcss/lib/lib/expandApplyAtRules.js:380:29)
      at /Users/arjantebrake/projects/own_projects/Ai/frontend/node_modules/tailwindcss/lib/lib/expandApplyAtRules.js:551:9
      at /Users/arjantebrake/projects/own_projects/Ai/frontend/node_modules/tailwindcss/lib/processTailwindFeatures.js:55:50
      at async plugins (/Users/arjantebrake/projects/own_projects/Ai/frontend/node_modules/tailwindcss/lib/plugin.js:38:17)
      at async LazyResult.runAsync (/Users/arjantebrake/projects/own_projects/Ai/frontend/node_modules/postcss/lib/lazy-result.js:293:11)
      at async runPostCSS (file:///Users/arjantebrake/projects/own_projects/Ai/frontend/node_modules/vite/dist/node/chunks/config.js:30145:19)
      at async compilePostCSS (file:///Users/arjantebrake/projects/own_projects/Ai/frontend/node_modules/vite/dist/node/chunks/config.js:30129:6)
      at async compileCSS (file:///Users/arjantebrake/projects/own_projects/Ai/frontend/node_modules/vite/dist/node/chunks/config.js:30059:26)
11:56:48 AM [vite] (client) Pre-transform error: [vue/compiler-sfc] Unexpected token (3:0)

/Users/arjantebrake/projects/own_projects/Ai/frontend/src/components/features/transactions/TransactionCard.vue
1  |  <script setup lang="ts">
2  |  import { computed } from 'vue'
   |                                 ^
3  |  <<<<<<< HEAD
   |  ^
4  |  import { getCategoryConfig } from '@/config/categories'
  Plugin: vite:vue
  File: /Users/arjantebrake/projects/own_projects/Ai/frontend/src/components/features/transactions/TransactionCard.vue:3:0
  1  |  <script setup lang="ts">
  2  |  import { computed } from 'vue'
     |         ^
  3  |  <<<<<<< HEAD
  4  |  import { getCategoryConfig } from '@/config/categories'
11:56:48 AM [vite] (client) Pre-transform error: [vue/compiler-sfc] Unexpected token (4:0)

/Users/arjantebrake/projects/own_projects/Ai/frontend/src/components/features/transactions/TransactionModal.vue
1  |  <script setup lang="ts">
2  |  import { ref, watch } from 'vue'
3  |  import ActivitySelector from '@/components/features/activities/ActivitySelector.vue'
   |                                                                                       ^
4  |  <<<<<<< HEAD
   |  ^
5  |  import { getCategoryList, getCategoryIcon } from '@/config/categories'
  Plugin: vite:vue
  File: /Users/arjantebrake/projects/own_projects/Ai/frontend/src/components/features/transactions/TransactionModal.vue:4:0
  1  |  <script setup lang="ts">
  2  |  import { ref, watch } from 'vue'
  3  |  import ActivitySelector from '@/components/features/activities/ActivitySelector.vue'
     |                                                               ^
  4  |  <<<<<<< HEAD
  5  |  import { getCategoryList, getCategoryIcon } from '@/config/categories'
11:57:05 AM [vite] (client) hmr update /src/components/features/transactions/TransactionCard.vue, /src/assets/main.css
11:57:06 AM [vite] (client) Pre-transform error: [vue/compiler-sfc] Unexpected token (4:0)

/Users/arjantebrake/projects/own_projects/Ai/frontend/src/components/features/transactions/TransactionModal.vue
1  |  <script setup lang="ts">
2  |  import { ref, watch } from 'vue'
3  |  import ActivitySelector from '@/components/features/activities/ActivitySelector.vue'
   |                                                                                       ^
4  |  <<<<<<< HEAD
   |  ^
5  |  import { getCategoryList, getCategoryIcon } from '@/config/categories'
  Plugin: vite:vue
  File: /Users/arjantebrake/projects/own_projects/Ai/frontend/src/components/features/transactions/TransactionModal.vue:4:0
  1  |  <script setup lang="ts">
  2  |  import { ref, watch } from 'vue'
  3  |  import ActivitySelector from '@/components/features/activities/ActivitySelector.vue'
     |                                                               ^
  4  |  <<<<<<< HEAD
  5  |  import { getCategoryList, getCategoryIcon } from '@/config/categories'
11:57:06 AM [vite] (client) Pre-transform error: [postcss] /Users/arjantebrake/projects/own_projects/Ai/frontend/src/assets/main.css:114:5: The `shadow-glow` class does not exist. If `shadow-glow` is a custom class, make sure it is defined within a `@layer` directive.
  Plugin: vite:css
  File: /Users/arjantebrake/projects/own_projects/Ai/frontend/src/assets/main.css:114:4
  112 |  
  113 |    .weight-indicator-active {
  114 |      @apply bg-brand-red shadow-glow;
      |      ^
  115 |    }
  116 |  
11:57:06 AM [vite] Internal server error: [postcss] /Users/arjantebrake/projects/own_projects/Ai/frontend/src/assets/main.css:114:5: The `shadow-glow` class does not exist. If `shadow-glow` is a custom class, make sure it is defined within a `@layer` directive.
  Plugin: vite:css
  File: /Users/arjantebrake/projects/own_projects/Ai/frontend/src/assets/main.css:114:4
  112 |  
  113 |    .weight-indicator-active {
  114 |      @apply bg-brand-red shadow-glow;
      |      ^
  115 |    }
  116 |  
      at Input.error (/Users/arjantebrake/projects/own_projects/Ai/frontend/node_modules/postcss/lib/input.js:135:16)
      at AtRule.error (/Users/arjantebrake/projects/own_projects/Ai/frontend/node_modules/postcss/lib/node.js:146:32)
      at processApply (/Users/arjantebrake/projects/own_projects/Ai/frontend/node_modules/tailwindcss/lib/lib/expandApplyAtRules.js:380:29)
      at /Users/arjantebrake/projects/own_projects/Ai/frontend/node_modules/tailwindcss/lib/lib/expandApplyAtRules.js:551:9
      at /Users/arjantebrake/projects/own_projects/Ai/frontend/node_modules/tailwindcss/lib/processTailwindFeatures.js:55:50
      at async plugins (/Users/arjantebrake/projects/own_projects/Ai/frontend/node_modules/tailwindcss/lib/plugin.js:38:17)
      at async LazyResult.runAsync (/Users/arjantebrake/projects/own_projects/Ai/frontend/node_modules/postcss/lib/lazy-result.js:293:11)
      at async runPostCSS (file:///Users/arjantebrake/projects/own_projects/Ai/frontend/node_modules/vite/dist/node/chunks/config.js:30145:19)
      at async compilePostCSS (file:///Users/arjantebrake/projects/own_projects/Ai/frontend/node_modules/vite/dist/node/chunks/config.js:30129:6)
      at async compileCSS (file:///Users/arjantebrake/projects/own_projects/Ai/frontend/node_modules/vite/dist/node/chunks/config.js:30059:26)
11:57:07 AM [vite] Internal server error: [vue/compiler-sfc] Unexpected token (4:0)

/Users/arjantebrake/projects/own_projects/Ai/frontend/src/components/features/transactions/TransactionModal.vue
1  |  <script setup lang="ts">
2  |  import { ref, watch } from 'vue'
3  |  import ActivitySelector from '@/components/features/activities/ActivitySelector.vue'
   |                                                                                       ^
4  |  <<<<<<< HEAD
   |  ^
5  |  import { getCategoryList, getCategoryIcon } from '@/config/categories'
  Plugin: vite:vue
  File: /Users/arjantebrake/projects/own_projects/Ai/frontend/src/components/features/transactions/TransactionModal.vue:4:0
  1  |  <script setup lang="ts">
  2  |  import { ref, watch } from 'vue'
  3  |  import ActivitySelector from '@/components/features/activities/ActivitySelector.vue'
     |                                                               ^
  4  |  <<<<<<< HEAD
  5  |  import { getCategoryList, getCategoryIcon } from '@/config/categories'
      at constructor (/Users/arjantebrake/projects/own_projects/Ai/frontend/node_modules/@babel/parser/lib/index.js:365:19)
      at TypeScriptParserMixin.raise (/Users/arjantebrake/projects/own_projects/Ai/frontend/node_modules/@babel/parser/lib/index.js:6599:19)
      at TypeScriptParserMixin.unexpected (/Users/arjantebrake/projects/own_projects/Ai/frontend/node_modules/@babel/parser/lib/index.js:6619:16)
      at TypeScriptParserMixin.parseExprAtom (/Users/arjantebrake/projects/own_projects/Ai/frontend/node_modules/@babel/parser/lib/index.js:11432:22)
      at TypeScriptParserMixin.parseExprSubscripts (/Users/arjantebrake/projects/own_projects/Ai/frontend/node_modules/@babel/parser/lib/index.js:11071:23)
      at TypeScriptParserMixin.parseUpdate (/Users/arjantebrake/projects/own_projects/Ai/frontend/node_modules/@babel/parser/lib/index.js:11056:21)
      at TypeScriptParserMixin.parseMaybeUnary (/Users/arjantebrake/projects/own_projects/Ai/frontend/node_modules/@babel/parser/lib/index.js:11036:23)
      at TypeScriptParserMixin.parseMaybeUnary (/Users/arjantebrake/projects/own_projects/Ai/frontend/node_modules/@babel/parser/lib/index.js:9827:18)
      at TypeScriptParserMixin.parseMaybeUnaryOrPrivate (/Users/arjantebrake/projects/own_projects/Ai/frontend/node_modules/@babel/parser/lib/index.js:10889:61)
      at TypeScriptParserMixin.parseExprOps (/Users/arjantebrake/projects/own_projects/Ai/frontend/node_modules/@babel/parser/lib/index.js:10894:23)
11:57:16 AM [vite] (client) hmr update /src/components/features/transactions/TransactionModal.vue, /src/assets/main.css
11:57:17 AM [vite] (client) Pre-transform error: [postcss] /Users/arjantebrake/projects/own_projects/Ai/frontend/src/assets/main.css:114:5: The `shadow-glow` class does not exist. If `shadow-glow` is a custom class, make sure it is defined within a `@layer` directive.
  Plugin: vite:css
  File: /Users/arjantebrake/projects/own_projects/Ai/frontend/src/assets/main.css:114:4
  112 |  
  113 |    .weight-indicator-active {
  114 |      @apply bg-brand-red shadow-glow;
      |      ^
  115 |    }
  116 |  
11:57:17 AM [vite] Internal server error: [postcss] /Users/arjantebrake/projects/own_projects/Ai/frontend/src/assets/main.css:114:5: The `shadow-glow` class does not exist. If `shadow-glow` is a custom class, make sure it is defined within a `@layer` directive.
  Plugin: vite:css
  File: /Users/arjantebrake/projects/own_projects/Ai/frontend/src/assets/main.css:114:4
  112 |  
  113 |    .weight-indicator-active {
  114 |      @apply bg-brand-red shadow-glow;
      |      ^
  115 |    }
  116 |  
      at Input.error (/Users/arjantebrake/projects/own_projects/Ai/frontend/node_modules/postcss/lib/input.js:135:16)
      at AtRule.error (/Users/arjantebrake/projects/own_projects/Ai/frontend/node_modules/postcss/lib/node.js:146:32)
      at processApply (/Users/arjantebrake/projects/own_projects/Ai/frontend/node_modules/tailwindcss/lib/lib/expandApplyAtRules.js:380:29)
      at /Users/arjantebrake/projects/own_projects/Ai/frontend/node_modules/tailwindcss/lib/lib/expandApplyAtRules.js:551:9
      at /Users/arjantebrake/projects/own_projects/Ai/frontend/node_modules/tailwindcss/lib/processTailwindFeatures.js:55:50
      at async plugins (/Users/arjantebrake/projects/own_projects/Ai/frontend/node_modules/tailwindcss/lib/plugin.js:38:17)
      at async LazyResult.runAsync (/Users/arjantebrake/projects/own_projects/Ai/frontend/node_modules/postcss/lib/lazy-result.js:293:11)
      at async runPostCSS (file:///Users/arjantebrake/projects/own_projects/Ai/frontend/node_modules/vite/dist/node/chunks/config.js:30145:19)
      at async compilePostCSS (file:///Users/arjantebrake/projects/own_projects/Ai/frontend/node_modules/vite/dist/node/chunks/config.js:30129:6)
      at async compileCSS (file:///Users/arjantebrake/projects/own_projects/Ai/frontend/node_modules/vite/dist/node/chunks/config.js:30059:26)
11:57:29 AM [vite] (client) hmr update /src/App.vue, /src/components/layout/AppHeader.vue, /src/assets/main.css
11:57:29 AM [vite] (client) Pre-transform error: Failed to load url /src/stores/appStore.js (resolved id: /Users/arjantebrake/projects/own_projects/Ai/frontend/src/stores/appStore.js) in /Users/arjantebrake/projects/own_projects/Ai/frontend/src/App.vue. Does the file exist?
11:57:29 AM [vite] (client) Pre-transform error: Failed to load url /src/stores/appStore.js (resolved id: /Users/arjantebrake/projects/own_projects/Ai/frontend/src/stores/appStore.js) in /Users/arjantebrake/projects/own_projects/Ai/frontend/src/App.vue. Does the file exist?
11:57:29 AM [vite] (client) Pre-transform error: [postcss] /Users/arjantebrake/projects/own_projects/Ai/frontend/src/assets/main.css:114:5: The `shadow-glow` class does not exist. If `shadow-glow` is a custom class, make sure it is defined within a `@layer` directive.
  Plugin: vite:css
  File: /Users/arjantebrake/projects/own_projects/Ai/frontend/src/assets/main.css:114:4
  112 |  
  113 |    .weight-indicator-active {
  114 |      @apply bg-brand-red shadow-glow;
      |      ^
  115 |    }
  116 |  
11:57:29 AM [vite] Internal server error: [postcss] /Users/arjantebrake/projects/own_projects/Ai/frontend/src/assets/main.css:114:5: The `shadow-glow` class does not exist. If `shadow-glow` is a custom class, make sure it is defined within a `@layer` directive.
  Plugin: vite:css
  File: /Users/arjantebrake/projects/own_projects/Ai/frontend/src/assets/main.css:114:4
  112 |  
  113 |    .weight-indicator-active {
  114 |      @apply bg-brand-red shadow-glow;
      |      ^
  115 |    }
  116 |  
      at Input.error (/Users/arjantebrake/projects/own_projects/Ai/frontend/node_modules/postcss/lib/input.js:135:16)
      at AtRule.error (/Users/arjantebrake/projects/own_projects/Ai/frontend/node_modules/postcss/lib/node.js:146:32)
      at processApply (/Users/arjantebrake/projects/own_projects/Ai/frontend/node_modules/tailwindcss/lib/lib/expandApplyAtRules.js:380:29)
      at /Users/arjantebrake/projects/own_projects/Ai/frontend/node_modules/tailwindcss/lib/lib/expandApplyAtRules.js:551:9
      at /Users/arjantebrake/projects/own_projects/Ai/frontend/node_modules/tailwindcss/lib/processTailwindFeatures.js:55:50
      at async plugins (/Users/arjantebrake/projects/own_projects/Ai/frontend/node_modules/tailwindcss/lib/plugin.js:38:17)
      at async LazyResult.runAsync (/Users/arjantebrake/projects/own_projects/Ai/frontend/node_modules/postcss/lib/lazy-result.js:293:11)
      at async runPostCSS (file:///Users/arjantebrake/projects/own_projects/Ai/frontend/node_modules/vite/dist/node/chunks/config.js:30145:19)
      at async compilePostCSS (file:///Users/arjantebrake/projects/own_projects/Ai/frontend/node_modules/vite/dist/node/chunks/config.js:30129:6)
      at async compileCSS (file:///Users/arjantebrake/projects/own_projects/Ai/frontend/node_modules/vite/dist/node/chunks/config.js:30059:26)
11:58:09 AM [vite] (client) hmr update /src/App.vue, /src/assets/main.css
11:58:10 AM [vite] (client) Pre-transform error: [postcss] /Users/arjantebrake/projects/own_projects/Ai/frontend/src/assets/main.css:114:5: The `shadow-glow` class does not exist. If `shadow-glow` is a custom class, make sure it is defined within a `@layer` directive.
  Plugin: vite:css
  File: /Users/arjantebrake/projects/own_projects/Ai/frontend/src/assets/main.css:114:4
  112 |  
  113 |    .weight-indicator-active {
  114 |      @apply bg-brand-red shadow-glow;
      |      ^
  115 |    }
  116 |  
11:58:10 AM [vite] Internal server error: [postcss] /Users/arjantebrake/projects/own_projects/Ai/frontend/src/assets/main.css:114:5: The `shadow-glow` class does not exist. If `shadow-glow` is a custom class, make sure it is defined within a `@layer` directive.
  Plugin: vite:css
  File: /Users/arjantebrake/projects/own_projects/Ai/frontend/src/assets/main.css:114:4
  112 |  
  113 |    .weight-indicator-active {
  114 |      @apply bg-brand-red shadow-glow;
      |      ^
  115 |    }
  116 |  
      at Input.error (/Users/arjantebrake/projects/own_projects/Ai/frontend/node_modules/postcss/lib/input.js:135:16)
      at AtRule.error (/Users/arjantebrake/projects/own_projects/Ai/frontend/node_modules/postcss/lib/node.js:146:32)
      at processApply (/Users/arjantebrake/projects/own_projects/Ai/frontend/node_modules/tailwindcss/lib/lib/expandApplyAtRules.js:380:29)
      at /Users/arjantebrake/projects/own_projects/Ai/frontend/node_modules/tailwindcss/lib/lib/expandApplyAtRules.js:551:9
      at /Users/arjantebrake/projects/own_projects/Ai/frontend/node_modules/tailwindcss/lib/processTailwindFeatures.js:55:50
      at async plugins (/Users/arjantebrake/projects/own_projects/Ai/frontend/node_modules/tailwindcss/lib/plugin.js:38:17)
      at async LazyResult.runAsync (/Users/arjantebrake/projects/own_projects/Ai/frontend/node_modules/postcss/lib/lazy-result.js:293:11)
      at async runPostCSS (file:///Users/arjantebrake/projects/own_projects/Ai/frontend/node_modules/vite/dist/node/chunks/config.js:30145:19)
      at async compilePostCSS (file:///Users/arjantebrake/projects/own_projects/Ai/frontend/node_modules/vite/dist/node/chunks/config.js:30129:6)
      at async compileCSS (file:///Users/arjantebrake/projects/own_projects/Ai/frontend/node_modules/vite/dist/node/chunks/config.js:30059:26)
12:07:24 PM [vite] Internal server error: [postcss] /Users/arjantebrake/projects/own_projects/Ai/frontend/src/assets/main.css:114:5: The `shadow-glow` class does not exist. If `shadow-glow` is a custom class, make sure it is defined within a `@layer` directive.
  Plugin: vite:css
  File: /Users/arjantebrake/projects/own_projects/Ai/frontend/src/assets/main.css:114:4
  112 |  
  113 |    .weight-indicator-active {
  114 |      @apply bg-brand-red shadow-glow;
      |      ^
  115 |    }
  116 |  
      at Input.error (/Users/arjantebrake/projects/own_projects/Ai/frontend/node_modules/postcss/lib/input.js:135:16)
      at AtRule.error (/Users/arjantebrake/projects/own_projects/Ai/frontend/node_modules/postcss/lib/node.js:146:32)
      at processApply (/Users/arjantebrake/projects/own_projects/Ai/frontend/node_modules/tailwindcss/lib/lib/expandApplyAtRules.js:380:29)
      at /Users/arjantebrake/projects/own_projects/Ai/frontend/node_modules/tailwindcss/lib/lib/expandApplyAtRules.js:551:9
      at /Users/arjantebrake/projects/own_projects/Ai/frontend/node_modules/tailwindcss/lib/processTailwindFeatures.js:55:50
      at async plugins (/Users/arjantebrake/projects/own_projects/Ai/frontend/node_modules/tailwindcss/lib/plugin.js:38:17)
      at async LazyResult.runAsync (/Users/arjantebrake/projects/own_projects/Ai/frontend/node_modules/postcss/lib/lazy-result.js:293:11)
      at async runPostCSS (file:///Users/arjantebrake/projects/own_projects/Ai/frontend/node_modules/vite/dist/node/chunks/config.js:30145:19)
      at async compilePostCSS (file:///Users/arjantebrake/projects/own_projects/Ai/frontend/node_modules/vite/dist/node/chunks/config.js:30129:6)
      at async compileCSS (file:///Users/arjantebrake/projects/own_projects/Ai/frontend/node_modules/vite/dist/node/chunks/config.js:30059:26)
1:34:45 PM [vite] Internal server error: [postcss] /Users/arjantebrake/projects/own_projects/Ai/frontend/src/assets/main.css:114:5: The `shadow-glow` class does not exist. If `shadow-glow` is a custom class, make sure it is defined within a `@layer` directive.
  Plugin: vite:css
  File: /Users/arjantebrake/projects/own_projects/Ai/frontend/src/assets/main.css:114:4
  112 |  
  113 |    .weight-indicator-active {
  114 |      @apply bg-brand-red shadow-glow;
      |      ^
  115 |    }
  116 |  
      at Input.error (/Users/arjantebrake/projects/own_projects/Ai/frontend/node_modules/postcss/lib/input.js:135:16)
      at AtRule.error (/Users/arjantebrake/projects/own_projects/Ai/frontend/node_modules/postcss/lib/node.js:146:32)
      at processApply (/Users/arjantebrake/projects/own_projects/Ai/frontend/node_modules/tailwindcss/lib/lib/expandApplyAtRules.js:380:29)
      at /Users/arjantebrake/projects/own_projects/Ai/frontend/node_modules/tailwindcss/lib/lib/expandApplyAtRules.js:551:9
      at /Users/arjantebrake/projects/own_projects/Ai/frontend/node_modules/tailwindcss/lib/processTailwindFeatures.js:55:50
      at async plugins (/Users/arjantebrake/projects/own_projects/Ai/frontend/node_modules/tailwindcss/lib/plugin.js:38:17)
      at async LazyResult.runAsync (/Users/arjantebrake/projects/own_projects/Ai/frontend/node_modules/postcss/lib/lazy-result.js:293:11)
      at async runPostCSS (file:///Users/arjantebrake/projects/own_projects/Ai/frontend/node_modules/vite/dist/node/chunks/config.js:30145:19)
      at async compilePostCSS (file:///Users/arjantebrake/projects/own_projects/Ai/frontend/node_modules/vite/dist/node/chunks/config.js:30129:6)
      at async compileCSS (file:///Users/arjantebrake/projects/own_projects/Ai/frontend/node_modules/vite/dist/node/chunks/config.js:30059:26)
1:34:46 PM [vite] Internal server error: [postcss] /Users/arjantebrake/projects/own_projects/Ai/frontend/src/assets/main.css:114:5: The `shadow-glow` class does not exist. If `shadow-glow` is a custom class, make sure it is defined within a `@layer` directive.
  Plugin: vite:css
  File: /Users/arjantebrake/projects/own_projects/Ai/frontend/src/assets/main.css:114:4
  112 |  
  113 |    .weight-indicator-active {
  114 |      @apply bg-brand-red shadow-glow;
      |      ^
  115 |    }
  116 |  
      at Input.error (/Users/arjantebrake/projects/own_projects/Ai/frontend/node_modules/postcss/lib/input.js:135:16)
      at AtRule.error (/Users/arjantebrake/projects/own_projects/Ai/frontend/node_modules/postcss/lib/node.js:146:32)
      at processApply (/Users/arjantebrake/projects/own_projects/Ai/frontend/node_modules/tailwindcss/lib/lib/expandApplyAtRules.js:380:29)
      at /Users/arjantebrake/projects/own_projects/Ai/frontend/node_modules/tailwindcss/lib/lib/expandApplyAtRules.js:551:9
      at /Users/arjantebrake/projects/own_projects/Ai/frontend/node_modules/tailwindcss/lib/processTailwindFeatures.js:55:50
      at async plugins (/Users/arjantebrake/projects/own_projects/Ai/frontend/node_modules/tailwindcss/lib/plugin.js:38:17)
      at async LazyResult.runAsync (/Users/arjantebrake/projects/own_projects/Ai/frontend/node_modules/postcss/lib/lazy-result.js:293:11)
      at async runPostCSS (file:///Users/arjantebrake/projects/own_projects/Ai/frontend/node_modules/vite/dist/node/chunks/config.js:30145:19)
      at async compilePostCSS (file:///Users/arjantebrake/projects/own_projects/Ai/frontend/node_modules/vite/dist/node/chunks/config.js:30129:6)
      at async compileCSS (file:///Users/arjantebrake/projects/own_projects/Ai/frontend/node_modules/vite/dist/node/chunks/config.js:30059:26)
1:35:34 PM [vite] (client) hmr update /src/assets/main.css, /node_modules/vite-plugin-vue-inspector/src/Overlay.vue?vue&type=style&index=0&scoped=31d1379f&lang.css, /@id/virtual:vue-devtools-path:overlay/devtools-overlay.css?direct, /src/App.vue?vue&type=style&index=0&lang.css
